"E:/Unreal Projects/TryoneTry/Content/NewTouchInterface.uasset" 0
"../../../Engine/Content/Animation/DefaultAnimBoneCompressionSettings.uasset" 1
"E:/Unreal Projects/TryoneTry/Content/Mannequin/Character/Mesh/SK_Mannequin_Skeleton.uasset" 2
"E:/Unreal Projects/TryoneTry/Content/AnimStarterPack/Crouch_Walk_Bwd_Rifle_Hip.uasset" 3
"E:/Unreal Projects/TryoneTry/Content/AnimStarterPack/Crouch_Walk_Fwd_Rifle_Hip.uasset" 4
"E:/Unreal Projects/TryoneTry/Content/AnimStarterPack/Crouch_Walk_Lt_Rifle_Hip.uasset" 5
"E:/Unreal Projects/TryoneTry/Content/AnimStarterPack/Crouch_Walk_Rt_Rifle_Hip.uasset" 6
"E:/Unreal Projects/TryoneTry/Content/AnimStarterPack/BS_CrouchWalk.uasset" 7
"E:/Unreal Projects/TryoneTry/Content/AnimStarterPack/Jog_Bwd_Rifle.uasset" 8
"E:/Unreal Projects/TryoneTry/Content/AnimStarterPack/Jog_Fwd_Rifle.uasset" 9
"E:/Unreal Projects/TryoneTry/Content/AnimStarterPack/Jog_Lt_Rifle.uasset" 10
"E:/Unreal Projects/TryoneTry/Content/AnimStarterPack/Jog_Rt_Rifle.uasset" 11
"E:/Unreal Projects/TryoneTry/Content/AnimStarterPack/BS_Jog.uasset" 12
"E:/Unreal Projects/TryoneTry/Content/AnimStarterPack/Crouch_to_Stand_Rifle_Hip.uasset" 13
"E:/Unreal Projects/TryoneTry/Content/AnimStarterPack/Crouch_to_Stand_Rifle_Ironsights.uasset" 14
"E:/Unreal Projects/TryoneTry/Content/AnimStarterPack/Crouch_Walk_Bwd_Rifle_Ironsights.uasset" 15
"E:/Unreal Projects/TryoneTry/Content/AnimStarterPack/Crouch_Walk_Lt_Rifle_Ironsights.uasset" 16
"E:/Unreal Projects/TryoneTry/Content/AnimStarterPack/Crouch_Walk_Rt_Rifle_Ironsights.uasset" 17
"E:/Unreal Projects/TryoneTry/Content/AnimStarterPack/Death_1.uasset" 18
"E:/Unreal Projects/TryoneTry/Content/AnimStarterPack/Death_2.uasset" 19
"E:/Unreal Projects/TryoneTry/Content/AnimStarterPack/Death_3.uasset" 20
"E:/Unreal Projects/TryoneTry/Content/AnimStarterPack/Death_Ironsights_1.uasset" 21
"E:/Unreal Projects/TryoneTry/Content/AnimStarterPack/Death_Ironsights_2.uasset" 22
"E:/Unreal Projects/TryoneTry/Content/AnimStarterPack/Fire_Rifle_Hip.uasset" 23
"E:/Unreal Projects/TryoneTry/Content/AnimStarterPack/Fire_Shotgun_Hip.uasset" 24
"E:/Unreal Projects/TryoneTry/Content/AnimStarterPack/Fire_Shotgun_Ironsights.uasset" 25
"E:/Unreal Projects/TryoneTry/Content/AnimStarterPack/Hit_React_4.uasset" 26
"E:/Unreal Projects/TryoneTry/Content/AnimStarterPack/Idle_Pistol.uasset" 27
"E:/Unreal Projects/TryoneTry/Content/AnimStarterPack/Idle_Rifle_Hip.uasset" 28
"E:/Unreal Projects/TryoneTry/Content/AnimStarterPack/Jump_From_Jog.uasset" 29
"E:/Unreal Projects/TryoneTry/Content/AnimStarterPack/Jump_From_Stand.uasset" 30
"E:/Unreal Projects/TryoneTry/Content/AnimStarterPack/Jump_From_Stand_Ironsights.uasset" 31
"E:/Unreal Projects/TryoneTry/Content/AnimStarterPack/Prone_Death_1.uasset" 32
"E:/Unreal Projects/TryoneTry/Content/AnimStarterPack/Prone_Death_2.uasset" 33
"E:/Unreal Projects/TryoneTry/Content/AnimStarterPack/Prone_Fire_1.uasset" 34
"E:/Unreal Projects/TryoneTry/Content/AnimStarterPack/Prone_Fire_2.uasset" 35
"E:/Unreal Projects/TryoneTry/Content/AnimStarterPack/Prone_Idle.uasset" 36
"E:/Unreal Projects/TryoneTry/Content/AnimStarterPack/Prone_Reload_Rifle.uasset" 37
"E:/Unreal Projects/TryoneTry/Content/AnimStarterPack/Prone_Reload_Shotgun.uasset" 38
"E:/Unreal Projects/TryoneTry/Content/AnimStarterPack/Prone_To_Stand.uasset" 39
"E:/Unreal Projects/TryoneTry/Content/AnimStarterPack/Reload_Pistol.uasset" 40
"E:/Unreal Projects/TryoneTry/Content/AnimStarterPack/Reload_Rifle_Ironsights.uasset" 41
"E:/Unreal Projects/TryoneTry/Content/AnimStarterPack/Reload_Shotgun_Hip.uasset" 42
"E:/Unreal Projects/TryoneTry/Content/AnimStarterPack/Reload_Shotgun_Ironsights.uasset" 43
"E:/Unreal Projects/TryoneTry/Content/AnimStarterPack/Sprint_Fwd_Rifle.uasset" 44
"E:/Unreal Projects/TryoneTry/Content/AnimStarterPack/Stand_to_Crouch_Rifle_Hip.uasset" 45
"E:/Unreal Projects/TryoneTry/Content/AnimStarterPack/Stand_to_Crouch_Rifle_Ironsights.uasset" 46
"E:/Unreal Projects/TryoneTry/Content/AnimStarterPack/Stand_To_Prone.uasset" 47
"../../../Engine/Content/Functions/Engine_MaterialFunctions02/Utility/BlendAngleCorrectedNormals.uasset" 48
"../../../Engine/Content/Functions/MaterialLayerFunctions/MatLayerBlend_AO.uasset" 49
"../../../Engine/Content/Functions/MaterialLayerFunctions/MatLayerBlend_NormalBlend.uasset" 50
"../../../Engine/Content/Functions/MaterialLayerFunctions/MatLayerBlend_Simple.uasset" 51
"E:/Unreal Projects/TryoneTry/Content/AnimStarterPack/UE4_Mannequin/Materials/MaterialLayers/T_ML_Rubber_Blue_01_D.uasset" 52
"E:/Unreal Projects/TryoneTry/Content/AnimStarterPack/UE4_Mannequin/Materials/MaterialLayers/T_ML_Rubber_Blue_01_N.uasset" 53
"E:/Unreal Projects/TryoneTry/Content/AnimStarterPack/UE4_Mannequin/Materials/MaterialLayers/ML_GlossyBlack_Latex_UE4.uasset" 54
"E:/Unreal Projects/TryoneTry/Content/AnimStarterPack/UE4_Mannequin/Materials/MaterialLayers/ML_Plastic_Shiny_Beige.uasset" 55
"E:/Unreal Projects/TryoneTry/Content/AnimStarterPack/UE4_Mannequin/Textures/UE4_LOGO_CARD.uasset" 56
"E:/Unreal Projects/TryoneTry/Content/AnimStarterPack/UE4_Mannequin/Materials/MaterialLayers/ML_Plastic_Shiny_Beige_LOGO.uasset" 57
"E:/Unreal Projects/TryoneTry/Content/AnimStarterPack/UE4_Mannequin/Materials/MaterialLayers/T_ML_Aluminum01.uasset" 58
"E:/Unreal Projects/TryoneTry/Content/AnimStarterPack/UE4_Mannequin/Materials/MaterialLayers/T_ML_Aluminum01_N.uasset" 59
"E:/Unreal Projects/TryoneTry/Content/AnimStarterPack/UE4_Mannequin/Materials/MaterialLayers/ML_SoftMetal_UE4.uasset" 60
"E:/Unreal Projects/TryoneTry/Content/AnimStarterPack/UE4_Mannequin/Textures/UE4_Mannequin__normals.uasset" 61
"E:/Unreal Projects/TryoneTry/Content/AnimStarterPack/UE4_Mannequin/Textures/UE4_Mannequin_MAT_MASKA.uasset" 62
"E:/Unreal Projects/TryoneTry/Content/AnimStarterPack/UE4_Mannequin/Textures/UE4_Mannequin_occlusion_Mobile.uasset" 63
"E:/Unreal Projects/TryoneTry/Content/AnimStarterPack/UE4_Mannequin/Materials/M_UE4Man_Body.uasset" 64
"E:/Unreal Projects/TryoneTry/Content/AnimStarterPack/UE4_Mannequin/Textures/UE4Man_Logo_N.uasset" 65
"E:/Unreal Projects/TryoneTry/Content/AnimStarterPack/UE4_Mannequin/Materials/M_UE4Man_ChestLogo.uasset" 66
"E:/Unreal Projects/TryoneTry/Content/FPS_Weapon_Bundle/Weapons/Textures/KA74U/T_KA74U_ALB.uasset" 67
"E:/Unreal Projects/TryoneTry/Content/FPS_Weapon_Bundle/Weapons/Textures/KA74U/T_KA74U_M_MSK.uasset" 68
"E:/Unreal Projects/TryoneTry/Content/FPS_Weapon_Bundle/Weapons/Textures/KA74U/T_KA74U_NRM.uasset" 69
"E:/Unreal Projects/TryoneTry/Content/FPS_Weapon_Bundle/Weapons/Textures/Patterns/T_Stripes__Pattern.uasset" 70
"E:/Unreal Projects/TryoneTry/Content/FPS_Weapon_Bundle/Weapons/Materials/Master_Material/M_Weapon_Master_USE.uasset" 71
"E:/Unreal Projects/TryoneTry/Content/FPS_Weapon_Bundle/Weapons/Textures/Accessories/T_V_Grip_ALB.uasset" 72
"E:/Unreal Projects/TryoneTry/Content/FPS_Weapon_Bundle/Weapons/Textures/Accessories/T_V_Grip_M_MSK.uasset" 73
"E:/Unreal Projects/TryoneTry/Content/FPS_Weapon_Bundle/Weapons/Textures/Accessories/T_V_Grip_NRM.uasset" 74
"E:/Unreal Projects/TryoneTry/Content/FPS_Weapon_Bundle/Weapons/Materials/Accessories/M_V_Grip.uasset" 75
"E:/Unreal Projects/TryoneTry/Content/FPS_Weapon_Bundle/Weapons/Materials/Accessories/M_V_Grip_Green.uasset" 76
"E:/Unreal Projects/TryoneTry/Content/FPS_Weapon_Bundle/Weapons/Textures/KA47/T_KA47_ALB.uasset" 77
"E:/Unreal Projects/TryoneTry/Content/FPS_Weapon_Bundle/Weapons/Textures/KA47/T_KA47_M_MSK.uasset" 78
"E:/Unreal Projects/TryoneTry/Content/FPS_Weapon_Bundle/Weapons/Textures/KA47/T_KA47_NRM.uasset" 79
"E:/Unreal Projects/TryoneTry/Content/FPS_Weapon_Bundle/Weapons/Materials/Ka47/M_KA47.uasset" 80
"E:/Unreal Projects/TryoneTry/Content/FPS_Weapon_Bundle/Weapons/Materials/Ka47/M_KA47_Pattern.uasset" 81
"E:/Unreal Projects/TryoneTry/Content/FPS_Weapon_Bundle/Weapons/Materials/KA74U/M_KA74U.uasset" 82
"E:/Unreal Projects/TryoneTry/Content/FPS_Weapon_Bundle/Weapons/Textures/KA74U/T_KA74U_Gold_ALB.uasset" 83
"E:/Unreal Projects/TryoneTry/Content/FPS_Weapon_Bundle/Weapons/Textures/KA74U/T_KA74U_Gold_M_MSK.uasset" 84
"E:/Unreal Projects/TryoneTry/Content/FPS_Weapon_Bundle/Weapons/Materials/KA74U/M_KA74U_Gold.uasset" 85
"E:/Unreal Projects/TryoneTry/Content/FPS_Weapon_Bundle/Weapons/Textures/Patterns/T_LeafSpray_Pattern.uasset" 86
"E:/Unreal Projects/TryoneTry/Content/FPS_Weapon_Bundle/Weapons/Materials/KA74U/M_KA74U_LeafSpray.uasset" 87
"E:/Unreal Projects/TryoneTry/Content/FPS_Weapon_Bundle/Weapons/Textures/KA_Val/T_KA_Val_ALB.uasset" 88
"E:/Unreal Projects/TryoneTry/Content/FPS_Weapon_Bundle/Weapons/Textures/KA_Val/T_KA_Val_M_MSK.uasset" 89
"E:/Unreal Projects/TryoneTry/Content/FPS_Weapon_Bundle/Weapons/Textures/KA_Val/T_KA_Val_NRM.uasset" 90
"E:/Unreal Projects/TryoneTry/Content/FPS_Weapon_Bundle/Weapons/Materials/KA_Val/M_KA_Val.uasset" 91
"E:/Unreal Projects/TryoneTry/Content/FPS_Weapon_Bundle/Weapons/Textures/KA_Val/T_KA_Val_Black_ALB.uasset" 92
"E:/Unreal Projects/TryoneTry/Content/FPS_Weapon_Bundle/Weapons/Materials/KA_Val/M_KA_Val_Black.uasset" 93
"E:/Unreal Projects/TryoneTry/Content/FPS_Weapon_Bundle/Weapons/Textures/Patterns/T_Wood_Marpat_Pattern.uasset" 94
"E:/Unreal Projects/TryoneTry/Content/FPS_Weapon_Bundle/Weapons/Materials/KA_Val/M_KA_Val_Black_Camo.uasset" 95
"E:/Unreal Projects/TryoneTry/Content/FPS_Weapon_Bundle/Weapons/Materials/KA_Val/M_KA_Val_Black_Striped.uasset" 96
"E:/Unreal Projects/TryoneTry/Content/FPS_Weapon_Bundle/Weapons/Textures/RDS/T_RDS_01.uasset" 97
"E:/Unreal Projects/TryoneTry/Content/FPS_Weapon_Bundle/Weapons/Materials/Master_Material/M_RDS_Master.uasset" 98
"E:/Unreal Projects/TryoneTry/Content/FPS_Weapon_Bundle/Weapons/Materials/RDS/M_RDS_01.uasset" 99
"E:/Unreal Projects/TryoneTry/Content/FPS_Weapon_Bundle/Weapons/Textures/RDS/T_RDS_02.uasset" 100
"E:/Unreal Projects/TryoneTry/Content/FPS_Weapon_Bundle/Weapons/Materials/RDS/M_RDS_02.uasset" 101
"E:/Unreal Projects/TryoneTry/Content/FPS_Weapon_Bundle/Weapons/Textures/RDS/T_RDS_03.uasset" 102
"E:/Unreal Projects/TryoneTry/Content/FPS_Weapon_Bundle/Weapons/Materials/RDS/M_RDS_03.uasset" 103
"E:/Unreal Projects/TryoneTry/Content/FPS_Weapon_Bundle/Weapons/Textures/SMG11/T_SMG11_ALB.uasset" 104
"E:/Unreal Projects/TryoneTry/Content/FPS_Weapon_Bundle/Weapons/Textures/SMG11/T_SMG11_M_MSK.uasset" 105
"E:/Unreal Projects/TryoneTry/Content/FPS_Weapon_Bundle/Weapons/Textures/SMG11/T_SMG11_NRM.uasset" 106
"E:/Unreal Projects/TryoneTry/Content/FPS_Weapon_Bundle/Weapons/Materials/SMG11/M_SMG11.uasset" 107
"E:/Unreal Projects/TryoneTry/Content/FPS_Weapon_Bundle/Weapons/Textures/Patterns/T_Urban_Marpat_Pattern.uasset" 108
"E:/Unreal Projects/TryoneTry/Content/FPS_Weapon_Bundle/Weapons/Materials/SMG11/M_SMG11_Camo.uasset" 109
"E:/Unreal Projects/TryoneTry/Content/FPS_Weapon_Bundle/Weapons/Materials/SMG11/M_SMG11_Color.uasset" 110
"E:/Unreal Projects/TryoneTry/Content/FPS_Weapon_Bundle/Weapons/Textures/Accessories/T_Scope_25x56_ALB.uasset" 111
"E:/Unreal Projects/TryoneTry/Content/FPS_Weapon_Bundle/Weapons/Textures/Accessories/T_Scope_25x56_M_MSK.uasset" 112
"E:/Unreal Projects/TryoneTry/Content/FPS_Weapon_Bundle/Weapons/Textures/Accessories/T_Scope_25x56_NRM.uasset" 113
"E:/Unreal Projects/TryoneTry/Content/FPS_Weapon_Bundle/Weapons/Materials/Accessories/M_Scope_25x56.uasset" 114
"E:/Unreal Projects/TryoneTry/Content/FPS_Weapon_Bundle/Weapons/Textures/Accessories/T_Scope_25x56_Lens_ALB.uasset" 115
"E:/Unreal Projects/TryoneTry/Content/FPS_Weapon_Bundle/Weapons/Textures/Accessories/T_Scope_25x56_Lens_M_MSK.uasset" 116
"E:/Unreal Projects/TryoneTry/Content/FPS_Weapon_Bundle/Weapons/Materials/Master_Material/M_Scope_Lens_MASTER.uasset" 117
"E:/Unreal Projects/TryoneTry/Content/FPS_Weapon_Bundle/Weapons/Materials/Accessories/M_Scope_25x56_Lens.uasset" 118
"E:/Unreal Projects/TryoneTry/Content/FPS_Weapon_Bundle/Weapons/Meshes/Accessories/SM_Scope_25x56_X.uasset" 119
"E:/Unreal Projects/TryoneTry/Content/FPS_Weapon_Bundle/Weapons/Materials/Accessories/M_Scope_25x56_Lens_NoAlpha.uasset" 120
"E:/Unreal Projects/TryoneTry/Content/FPS_Weapon_Bundle/Weapons/Meshes/Accessories/SM_Scope_25x56_Y.uasset" 121
"E:/Unreal Projects/TryoneTry/Content/FPS_Weapon_Bundle/Weapons/Textures/Accessories/T_Suppressor5_ALB.uasset" 122
"E:/Unreal Projects/TryoneTry/Content/FPS_Weapon_Bundle/Weapons/Textures/Accessories/T_Suppressor5_M_MSK.uasset" 123
"E:/Unreal Projects/TryoneTry/Content/FPS_Weapon_Bundle/Weapons/Textures/Accessories/T_Suppressor5_NRM.uasset" 124
"E:/Unreal Projects/TryoneTry/Content/FPS_Weapon_Bundle/Weapons/Materials/Accessories/M_Suppressor5.uasset" 125
"E:/Unreal Projects/TryoneTry/Content/FPS_Weapon_Bundle/Weapons/Meshes/Accessories/SM_Suppressor5.uasset" 126
"E:/Unreal Projects/TryoneTry/Content/FPS_Weapon_Bundle/Weapons/Materials/RDS/M_RDS_Glass.uasset" 127
"E:/Unreal Projects/TryoneTry/Content/FPS_Weapon_Bundle/Weapons/Textures/Accessories/T_Tc4_ALB.uasset" 128
"E:/Unreal Projects/TryoneTry/Content/FPS_Weapon_Bundle/Weapons/Textures/Accessories/T_Tc4_M_MSK.uasset" 129
"E:/Unreal Projects/TryoneTry/Content/FPS_Weapon_Bundle/Weapons/Textures/Accessories/T_Tc4_NRM.uasset" 130
"E:/Unreal Projects/TryoneTry/Content/FPS_Weapon_Bundle/Weapons/Materials/Accessories/M_Tc4_Sight.uasset" 131
"E:/Unreal Projects/TryoneTry/Content/FPS_Weapon_Bundle/Weapons/Meshes/Accessories/SM_T4_Sight.uasset" 132
"E:/Unreal Projects/TryoneTry/Content/FPS_Weapon_Bundle/Weapons/Meshes/Accessories/SM_Vertgrip.uasset" 133
"E:/Unreal Projects/TryoneTry/Content/FPS_Weapon_Bundle/Weapons/Textures/Ammunition/T_12Gauge_ALB.uasset" 134
"E:/Unreal Projects/TryoneTry/Content/FPS_Weapon_Bundle/Weapons/Textures/Ammunition/T_12Gauge_M_MSK.uasset" 135
"E:/Unreal Projects/TryoneTry/Content/FPS_Weapon_Bundle/Weapons/Textures/Ammunition/T_12Gauge_NRM.uasset" 136
"E:/Unreal Projects/TryoneTry/Content/FPS_Weapon_Bundle/Weapons/Materials/Ammunition/M_Ammo_12gauge.uasset" 137
"E:/Unreal Projects/TryoneTry/Content/FPS_Weapon_Bundle/Weapons/Meshes/Ammunition/SM_Shell_12Gauge.uasset" 138
"E:/Unreal Projects/TryoneTry/Content/FPS_Weapon_Bundle/Weapons/Meshes/Ammunition/SM_Shell_12Gauge_Empty.uasset" 139
"E:/Unreal Projects/TryoneTry/Content/FPS_Weapon_Bundle/Weapons/Textures/Ammunition/T_40mm_Grenade_ALB.uasset" 140
"E:/Unreal Projects/TryoneTry/Content/FPS_Weapon_Bundle/Weapons/Textures/Ammunition/T_40mm_Grenade_M_MSK.uasset" 141
"E:/Unreal Projects/TryoneTry/Content/FPS_Weapon_Bundle/Weapons/Textures/Ammunition/T_40mm_Grenade_NRM.uasset" 142
"E:/Unreal Projects/TryoneTry/Content/FPS_Weapon_Bundle/Weapons/Materials/Ammunition/M_40mm_Grenade.uasset" 143
"E:/Unreal Projects/TryoneTry/Content/FPS_Weapon_Bundle/Weapons/Meshes/Ammunition/SM_Shell_40mm_G.uasset" 144
"E:/Unreal Projects/TryoneTry/Content/FPS_Weapon_Bundle/Weapons/Meshes/Ammunition/SM_Shell_40mm_G_Empty.uasset" 145
"E:/Unreal Projects/TryoneTry/Content/FPS_Weapon_Bundle/Weapons/Textures/Ammunition/T_45ap_ALB.uasset" 146
"E:/Unreal Projects/TryoneTry/Content/FPS_Weapon_Bundle/Weapons/Textures/Ammunition/T_45ap_M_MSK.uasset" 147
"E:/Unreal Projects/TryoneTry/Content/FPS_Weapon_Bundle/Weapons/Textures/Ammunition/T_45ap_NRM.uasset" 148
"E:/Unreal Projects/TryoneTry/Content/FPS_Weapon_Bundle/Weapons/Materials/Ammunition/M_45ap.uasset" 149
"E:/Unreal Projects/TryoneTry/Content/FPS_Weapon_Bundle/Weapons/Meshes/Ammunition/SM_Shell_45ap.uasset" 150
"E:/Unreal Projects/TryoneTry/Content/FPS_Weapon_Bundle/Weapons/Meshes/Ammunition/SM_Shell_45ap_Empty.uasset" 151
"E:/Unreal Projects/TryoneTry/Content/FPS_Weapon_Bundle/Weapons/Textures/Ammunition/T_762x39_ALB.uasset" 152
"E:/Unreal Projects/TryoneTry/Content/FPS_Weapon_Bundle/Weapons/Textures/Ammunition/T_762x39_M_MSK.uasset" 153
"E:/Unreal Projects/TryoneTry/Content/FPS_Weapon_Bundle/Weapons/Textures/Ammunition/T_762x39_NRM.uasset" 154
"E:/Unreal Projects/TryoneTry/Content/FPS_Weapon_Bundle/Weapons/Materials/Ammunition/M_762x39_Empty.uasset" 155
"E:/Unreal Projects/TryoneTry/Content/FPS_Weapon_Bundle/Weapons/Meshes/Ammunition/SM_Shell_545x39.uasset" 156
"E:/Unreal Projects/TryoneTry/Content/FPS_Weapon_Bundle/Weapons/Meshes/Ammunition/SM_Shell_545x39_Empty.uasset" 157
"E:/Unreal Projects/TryoneTry/Content/FPS_Weapon_Bundle/Weapons/Meshes/Ammunition/SM_Shell_556x45.uasset" 158
"E:/Unreal Projects/TryoneTry/Content/FPS_Weapon_Bundle/Weapons/Meshes/Ammunition/SM_Shell_556x45_Empty.uasset" 159
"E:/Unreal Projects/TryoneTry/Content/FPS_Weapon_Bundle/Weapons/Meshes/Ammunition/SM_Shell_762x39.uasset" 160
"E:/Unreal Projects/TryoneTry/Content/FPS_Weapon_Bundle/Weapons/Meshes/Ammunition/SM_Shell_762x39_Empty.uasset" 161
"E:/Unreal Projects/TryoneTry/Content/FPS_Weapon_Bundle/Weapons/Meshes/Ammunition/SM_Shell_762x51.uasset" 162
"E:/Unreal Projects/TryoneTry/Content/FPS_Weapon_Bundle/Weapons/Meshes/Ammunition/SM_Shell_762x51_Empty.uasset" 163
"E:/Unreal Projects/TryoneTry/Content/FPS_Weapon_Bundle/Weapons/Textures/Ammunition/T_9mm_ALB.uasset" 164
"E:/Unreal Projects/TryoneTry/Content/FPS_Weapon_Bundle/Weapons/Textures/Ammunition/T_9mm_M_MSK.uasset" 165
"E:/Unreal Projects/TryoneTry/Content/FPS_Weapon_Bundle/Weapons/Textures/Ammunition/T_9mm_NRM.uasset" 166
"E:/Unreal Projects/TryoneTry/Content/FPS_Weapon_Bundle/Weapons/Materials/Ammunition/M_9mm.uasset" 167
"E:/Unreal Projects/TryoneTry/Content/FPS_Weapon_Bundle/Weapons/Meshes/Ammunition/SM_Shell_9mm.uasset" 168
"E:/Unreal Projects/TryoneTry/Content/FPS_Weapon_Bundle/Weapons/Meshes/Ammunition/SM_Shell_9mm_Empty.uasset" 169
"E:/Unreal Projects/TryoneTry/Content/FPS_Weapon_Bundle/Weapons/Textures/Ammunition/T_9x18_ALB.uasset" 170
"E:/Unreal Projects/TryoneTry/Content/FPS_Weapon_Bundle/Weapons/Textures/Ammunition/T_9x18_M_MSK.uasset" 171
"E:/Unreal Projects/TryoneTry/Content/FPS_Weapon_Bundle/Weapons/Textures/Ammunition/T_9x18_NRM.uasset" 172
"E:/Unreal Projects/TryoneTry/Content/FPS_Weapon_Bundle/Weapons/Materials/Ammunition/M_9x18.uasset" 173
"E:/Unreal Projects/TryoneTry/Content/FPS_Weapon_Bundle/Weapons/Meshes/Ammunition/SM_Shell_9x18.uasset" 174
"E:/Unreal Projects/TryoneTry/Content/FPS_Weapon_Bundle/Weapons/Meshes/Ammunition/SM_Shell_9x18_Empty.uasset" 175
"E:/Unreal Projects/TryoneTry/Content/FPS_Weapon_Bundle/Weapons/Textures/AR4/T_AR4_ALB.uasset" 176
"E:/Unreal Projects/TryoneTry/Content/FPS_Weapon_Bundle/Weapons/Textures/AR4/T_AR4_M_MSK.uasset" 177
"E:/Unreal Projects/TryoneTry/Content/FPS_Weapon_Bundle/Weapons/Textures/AR4/T_AR4_NRM.uasset" 178
"E:/Unreal Projects/TryoneTry/Content/FPS_Weapon_Bundle/Weapons/Materials/AR4/M_AR4.uasset" 179
"E:/Unreal Projects/TryoneTry/Content/FPS_Weapon_Bundle/Weapons/Meshes/AR4/SK_AR4_X_Physics.uasset" 180
"E:/Unreal Projects/TryoneTry/Content/FPS_Weapon_Bundle/Weapons/Meshes/AR4/SK_AR4_X_Skeleton.uasset" 181
"E:/Unreal Projects/TryoneTry/Content/FPS_Weapon_Bundle/Weapons/Meshes/AR4/SK_AR4_X.uasset" 182
"E:/Unreal Projects/TryoneTry/Content/FPS_Weapon_Bundle/Weapons/Meshes/AR4/SM_AR4.uasset" 183
"E:/Unreal Projects/TryoneTry/Content/FPS_Weapon_Bundle/Weapons/Meshes/AR4/SM_AR4_Mag.uasset" 184
"E:/Unreal Projects/TryoneTry/Content/FPS_Weapon_Bundle/Weapons/Meshes/AR4/SM_AR4_Mag_Empty.uasset" 185
"E:/Unreal Projects/TryoneTry/Content/FPS_Weapon_Bundle/Weapons/Meshes/AR4/SM_AR4_X.uasset" 186
"E:/Unreal Projects/TryoneTry/Content/FPS_Weapon_Bundle/Weapons/Textures/G67_Grenade/T_G67_ALB.uasset" 187
"E:/Unreal Projects/TryoneTry/Content/FPS_Weapon_Bundle/Weapons/Textures/G67_Grenade/T_G67_M_MSK.uasset" 188
"E:/Unreal Projects/TryoneTry/Content/FPS_Weapon_Bundle/Weapons/Textures/G67_Grenade/T_G67_NRM.uasset" 189
"E:/Unreal Projects/TryoneTry/Content/FPS_Weapon_Bundle/Weapons/Materials/G67_Grenade/M_G67.uasset" 190
"E:/Unreal Projects/TryoneTry/Content/FPS_Weapon_Bundle/Weapons/Meshes/G67_Grenade/SK_G67_Physics.uasset" 191
"E:/Unreal Projects/TryoneTry/Content/FPS_Weapon_Bundle/Weapons/Meshes/G67_Grenade/SK_G67_Skeleton.uasset" 192
"E:/Unreal Projects/TryoneTry/Content/FPS_Weapon_Bundle/Weapons/Meshes/G67_Grenade/SK_G67.uasset" 193
"E:/Unreal Projects/TryoneTry/Content/FPS_Weapon_Bundle/Weapons/Meshes/G67_Grenade/SK_G67_X_Physics.uasset" 194
"E:/Unreal Projects/TryoneTry/Content/FPS_Weapon_Bundle/Weapons/Meshes/G67_Grenade/SK_G67_X_Skeleton.uasset" 195
"E:/Unreal Projects/TryoneTry/Content/FPS_Weapon_Bundle/Weapons/Meshes/G67_Grenade/SK_G67_X.uasset" 196
"E:/Unreal Projects/TryoneTry/Content/FPS_Weapon_Bundle/Weapons/Meshes/G67_Grenade/SM_G67.uasset" 197
"E:/Unreal Projects/TryoneTry/Content/FPS_Weapon_Bundle/Weapons/Meshes/G67_Grenade/SM_G67_Thrown.uasset" 198
"E:/Unreal Projects/TryoneTry/Content/FPS_Weapon_Bundle/Weapons/Meshes/G67_Grenade/SM_G67_X.uasset" 199
"E:/Unreal Projects/TryoneTry/Content/FPS_Weapon_Bundle/Weapons/Meshes/Ka47/SK_KA47_X_Physics.uasset" 200
"E:/Unreal Projects/TryoneTry/Content/FPS_Weapon_Bundle/Weapons/Meshes/Ka47/SK_KA47_X_Skeleton.uasset" 201
"E:/Unreal Projects/TryoneTry/Content/FPS_Weapon_Bundle/Weapons/Meshes/Ka47/SK_KA47_X.uasset" 202
"E:/Unreal Projects/TryoneTry/Content/FPS_Weapon_Bundle/Weapons/Meshes/Ka47/SM_KA47.uasset" 203
"E:/Unreal Projects/TryoneTry/Content/FPS_Weapon_Bundle/Weapons/Meshes/Ka47/SM_KA47_Mag.uasset" 204
"E:/Unreal Projects/TryoneTry/Content/FPS_Weapon_Bundle/Weapons/Meshes/Ka47/SM_KA47_Mag_Empty.uasset" 205
"E:/Unreal Projects/TryoneTry/Content/FPS_Weapon_Bundle/Weapons/Meshes/Ka47/SM_KA47_X.uasset" 206
"E:/Unreal Projects/TryoneTry/Content/FPS_Weapon_Bundle/Weapons/Meshes/KA74U/SK_KA74U_X_Physics.uasset" 207
"E:/Unreal Projects/TryoneTry/Content/FPS_Weapon_Bundle/Weapons/Meshes/KA74U/SK_KA74U_X_Skeleton.uasset" 208
"E:/Unreal Projects/TryoneTry/Content/FPS_Weapon_Bundle/Weapons/Meshes/KA74U/SK_KA74U_X.uasset" 209
"E:/Unreal Projects/TryoneTry/Content/FPS_Weapon_Bundle/Weapons/Meshes/KA74U/SK_KA74U_Y_Physics.uasset" 210
"E:/Unreal Projects/TryoneTry/Content/FPS_Weapon_Bundle/Weapons/Meshes/KA74U/SK_KA74U_Y_Skeleton.uasset" 211
"E:/Unreal Projects/TryoneTry/Content/FPS_Weapon_Bundle/Weapons/Meshes/KA74U/SK_KA74U_Y.uasset" 212
"E:/Unreal Projects/TryoneTry/Content/FPS_Weapon_Bundle/Weapons/Meshes/KA74U/SM_KA74U_Mag_Empty_X.uasset" 213
"E:/Unreal Projects/TryoneTry/Content/FPS_Weapon_Bundle/Weapons/Meshes/KA74U/SM_KA74U_Mag_Empty_Y.uasset" 214
"E:/Unreal Projects/TryoneTry/Content/FPS_Weapon_Bundle/Weapons/Meshes/KA74U/SM_KA74U_Mag_X.uasset" 215
"E:/Unreal Projects/TryoneTry/Content/FPS_Weapon_Bundle/Weapons/Meshes/KA74U/SM_KA74U_Mag_Y.uasset" 216
"E:/Unreal Projects/TryoneTry/Content/FPS_Weapon_Bundle/Weapons/Meshes/KA74U/SM_KA74U_X.uasset" 217
"E:/Unreal Projects/TryoneTry/Content/FPS_Weapon_Bundle/Weapons/Meshes/KA74U/SM_KA74U_Y.uasset" 218
"E:/Unreal Projects/TryoneTry/Content/FPS_Weapon_Bundle/Weapons/Meshes/KA_Val/SK_KA_Val_X_Physics.uasset" 219
"E:/Unreal Projects/TryoneTry/Content/FPS_Weapon_Bundle/Weapons/Meshes/KA_Val/SK_KA_Val_X_Skeleton.uasset" 220
"E:/Unreal Projects/TryoneTry/Content/FPS_Weapon_Bundle/Weapons/Meshes/KA_Val/SK_KA_Val_X.uasset" 221
"E:/Unreal Projects/TryoneTry/Content/FPS_Weapon_Bundle/Weapons/Meshes/KA_Val/SK_KA_Val_Y_Physics.uasset" 222
"E:/Unreal Projects/TryoneTry/Content/FPS_Weapon_Bundle/Weapons/Meshes/KA_Val/SK_KA_Val_Y_Skeleton.uasset" 223
"E:/Unreal Projects/TryoneTry/Content/FPS_Weapon_Bundle/Weapons/Meshes/KA_Val/SK_KA_Val_Y.uasset" 224
"E:/Unreal Projects/TryoneTry/Content/FPS_Weapon_Bundle/Weapons/Meshes/KA_Val/SM_KA_Val_MAG_Loaded_Y.uasset" 225
"E:/Unreal Projects/TryoneTry/Content/FPS_Weapon_Bundle/Weapons/Meshes/KA_Val/SM_KA_Val_Mag_X.uasset" 226
"E:/Unreal Projects/TryoneTry/Content/FPS_Weapon_Bundle/Weapons/Meshes/KA_Val/SM_KA_Val_Mag_Y.uasset" 227
"E:/Unreal Projects/TryoneTry/Content/FPS_Weapon_Bundle/Weapons/Meshes/KA_Val/SM_KA_Val_X.uasset" 228
"E:/Unreal Projects/TryoneTry/Content/FPS_Weapon_Bundle/Weapons/Meshes/KA_Val/SM_KA_Val_Y.uasset" 229
"E:/Unreal Projects/TryoneTry/Content/FPS_Weapon_Bundle/Weapons/Textures/M9_Knife/T_M9_ALB.uasset" 230
"E:/Unreal Projects/TryoneTry/Content/FPS_Weapon_Bundle/Weapons/Textures/M9_Knife/T_M9_M_MSK.uasset" 231
"E:/Unreal Projects/TryoneTry/Content/FPS_Weapon_Bundle/Weapons/Textures/M9_Knife/T_M9_NRM.uasset" 232
"E:/Unreal Projects/TryoneTry/Content/FPS_Weapon_Bundle/Weapons/Materials/M9_Knife/M_M9_Knife.uasset" 233
"E:/Unreal Projects/TryoneTry/Content/FPS_Weapon_Bundle/Weapons/Meshes/M9_Knife/SK_M9_Knife_Physics.uasset" 234
"E:/Unreal Projects/TryoneTry/Content/FPS_Weapon_Bundle/Weapons/Meshes/M9_Knife/SK_M9_Knife_Skeleton.uasset" 235
"E:/Unreal Projects/TryoneTry/Content/FPS_Weapon_Bundle/Weapons/Meshes/M9_Knife/SK_M9_Knife.uasset" 236
"E:/Unreal Projects/TryoneTry/Content/FPS_Weapon_Bundle/Weapons/Meshes/M9_Knife/SK_M9_Knife_X_Physics.uasset" 237
"E:/Unreal Projects/TryoneTry/Content/FPS_Weapon_Bundle/Weapons/Meshes/M9_Knife/SK_M9_Knife_X_Skeleton.uasset" 238
"E:/Unreal Projects/TryoneTry/Content/FPS_Weapon_Bundle/Weapons/Meshes/M9_Knife/SK_M9_Knife_X.uasset" 239
"E:/Unreal Projects/TryoneTry/Content/FPS_Weapon_Bundle/Weapons/Meshes/M9_Knife/SM_M9_Knife.uasset" 240
"E:/Unreal Projects/TryoneTry/Content/FPS_Weapon_Bundle/Weapons/Meshes/M9_Knife/SM_M9_Knife_X.uasset" 241
"E:/Unreal Projects/TryoneTry/Content/FPS_Weapon_Bundle/Weapons/Textures/SMG11/T_SMG11_Rem_ALB.uasset" 242
"E:/Unreal Projects/TryoneTry/Content/FPS_Weapon_Bundle/Weapons/Textures/SMG11/T_SMG11_Rem_M_MSK.uasset" 243
"E:/Unreal Projects/TryoneTry/Content/FPS_Weapon_Bundle/Weapons/Textures/SMG11/T_SMG11_Rem_NRM.uasset" 244
"E:/Unreal Projects/TryoneTry/Content/FPS_Weapon_Bundle/Weapons/Materials/SMG11/M_SMG11_Rem.uasset" 245
"E:/Unreal Projects/TryoneTry/Content/FPS_Weapon_Bundle/Weapons/Meshes/SMG11/SK_SMG11_Nostock_X_Physics.uasset" 246
"E:/Unreal Projects/TryoneTry/Content/FPS_Weapon_Bundle/Weapons/Meshes/SMG11/SK_SMG11_Nostock_X_Skeleton.uasset" 247
"E:/Unreal Projects/TryoneTry/Content/FPS_Weapon_Bundle/Weapons/Meshes/SMG11/SK_SMG11_Nostock_X.uasset" 248
"E:/Unreal Projects/TryoneTry/Content/FPS_Weapon_Bundle/Weapons/Meshes/SMG11/SK_SMG11_Nostock_Y_Physics.uasset" 249
"E:/Unreal Projects/TryoneTry/Content/FPS_Weapon_Bundle/Weapons/Meshes/SMG11/SK_SMG11_Nostock_Y_Skeleton.uasset" 250
"E:/Unreal Projects/TryoneTry/Content/FPS_Weapon_Bundle/Weapons/Meshes/SMG11/SK_SMG11_Nostock_Y.uasset" 251
"E:/Unreal Projects/TryoneTry/Content/FPS_Weapon_Bundle/Weapons/Meshes/SMG11/SK_SMG11_X_Physics.uasset" 252
"E:/Unreal Projects/TryoneTry/Content/FPS_Weapon_Bundle/Weapons/Meshes/SMG11/SK_SMG11_X_Skeleton.uasset" 253
"E:/Unreal Projects/TryoneTry/Content/FPS_Weapon_Bundle/Weapons/Meshes/SMG11/SK_SMG11_X.uasset" 254
"E:/Unreal Projects/TryoneTry/Content/FPS_Weapon_Bundle/Weapons/Meshes/SMG11/SK_SMG11_Y_Physics.uasset" 255
"E:/Unreal Projects/TryoneTry/Content/FPS_Weapon_Bundle/Weapons/Meshes/SMG11/SK_SMG11_Y_Skeleton.uasset" 256
"E:/Unreal Projects/TryoneTry/Content/FPS_Weapon_Bundle/Weapons/Meshes/SMG11/SK_SMG11_Y.uasset" 257
"E:/Unreal Projects/TryoneTry/Content/FPS_Weapon_Bundle/Weapons/Meshes/SMG11/SM_SMG11_Mag_Empty_X.uasset" 258
"E:/Unreal Projects/TryoneTry/Content/FPS_Weapon_Bundle/Weapons/Meshes/SMG11/SM_SMG11_Mag_Empty_Y.uasset" 259
"E:/Unreal Projects/TryoneTry/Content/FPS_Weapon_Bundle/Weapons/Meshes/SMG11/SM_SMG11_Mag_X.uasset" 260
"E:/Unreal Projects/TryoneTry/Content/FPS_Weapon_Bundle/Weapons/Meshes/SMG11/SM_SMG11_Nostock_X.uasset" 261
"E:/Unreal Projects/TryoneTry/Content/FPS_Weapon_Bundle/Weapons/Meshes/SMG11/SM_SMG11_Nostock_Y.uasset" 262
"E:/Unreal Projects/TryoneTry/Content/FPS_Weapon_Bundle/Weapons/Meshes/SMG11/SM_SMG11_X.uasset" 263
"E:/Unreal Projects/TryoneTry/Content/FPS_Weapon_Bundle/Weapons/Meshes/SMG11/SM_SMG11_Y.uasset" 264
"E:/Unreal Projects/TryoneTry/Content/FPS_Weapon_Bundle/Weapons/Textures/Patterns/T_80s_Pattern.uasset" 265
"E:/Unreal Projects/TryoneTry/Content/FPS_Weapon_Bundle/Weapons/Textures/Patterns/T_Chochip_Pattern.uasset" 266
"E:/Unreal Projects/TryoneTry/Content/FPS_Weapon_Bundle/Weapons/Textures/Patterns/T_Cracks_Pattern.uasset" 267
"E:/Unreal Projects/TryoneTry/Content/FPS_Weapon_Bundle/Weapons/Textures/Patterns/T_Hexagon_Glow_Pattern.uasset" 268
"E:/Unreal Projects/TryoneTry/Content/FPS_Weapon_Bundle/Weapons/Textures/Patterns/T_Hexagon_Pattern.uasset" 269
"E:/Unreal Projects/TryoneTry/Content/FPS_Weapon_Bundle/Weapons/Textures/Patterns/T_Ink_Pattern.uasset" 270
"E:/Unreal Projects/TryoneTry/Content/FPS_Weapon_Bundle/Weapons/Textures/Patterns/T_Net01_Pattern.uasset" 271
"E:/Unreal Projects/TryoneTry/Content/FPS_Weapon_Bundle/Weapons/Textures/Patterns/T_W90K_Pattern.uasset" 272
"E:/Unreal Projects/TryoneTry/Content/FPS_Weapon_Bundle/Weapons/Textures/Patterns/T_W90_Pattern.uasset" 273
"E:/Unreal Projects/TryoneTry/Content/Mannequin/Animations/ThirdPerson_Jump.uasset" 274
"E:/Unreal Projects/TryoneTry/Content/Mannequin/Character/Mesh/SK_Mannequin_PhysicsAsset.uasset" 275
"E:/Unreal Projects/TryoneTry/Content/MobileStarterContent/Materials/M_Basic_Wall.uasset" 276
"E:/Unreal Projects/TryoneTry/Content/MobileStarterContent/Architecture/Pillar_50x500.uasset" 277
"E:/Unreal Projects/TryoneTry/Content/MobileStarterContent/Architecture/Wall_400x300.uasset" 278
"E:/Unreal Projects/TryoneTry/Content/MobileStarterContent/Architecture/Wall_400x400.uasset" 279
"E:/Unreal Projects/TryoneTry/Content/MobileStarterContent/Architecture/Wall_500x500.uasset" 280
"E:/Unreal Projects/TryoneTry/Content/MobileStarterContent/Architecture/Wall_Door_400x400.uasset" 281
"E:/Unreal Projects/TryoneTry/Content/MobileStarterContent/Architecture/Wall_Window_400x400.uasset" 282
"E:/Unreal Projects/TryoneTry/Content/MobileStarterContent/Audio/Light01.uasset" 283
"E:/Unreal Projects/TryoneTry/Content/MobileStarterContent/Audio/Light01_Cue.uasset" 284
"E:/Unreal Projects/TryoneTry/Content/MobileStarterContent/Audio/Light02.uasset" 285
"E:/Unreal Projects/TryoneTry/Content/MobileStarterContent/Audio/Light02_Cue.uasset" 286
"E:/Unreal Projects/TryoneTry/Content/MobileStarterContent/Audio/Steam01.uasset" 287
"E:/Unreal Projects/TryoneTry/Content/MobileStarterContent/Audio/Steam01_Cue.uasset" 288
"E:/Unreal Projects/TryoneTry/Content/MobileStarterContent/Audio/Explosion01.uasset" 289
"E:/Unreal Projects/TryoneTry/Content/MobileStarterContent/Audio/Explosion02.uasset" 290
"E:/Unreal Projects/TryoneTry/Content/MobileStarterContent/Audio/Explosion_Cue.uasset" 291
"E:/Unreal Projects/TryoneTry/Content/MobileStarterContent/Textures/T_Burst_M.uasset" 292
"E:/Unreal Projects/TryoneTry/Content/MobileStarterContent/Particles/Materials/M_Burst.uasset" 293
"E:/Unreal Projects/TryoneTry/Content/MobileStarterContent/Textures/T_Explosion_SubUV.uasset" 294
"E:/Unreal Projects/TryoneTry/Content/MobileStarterContent/Particles/Materials/M_explosion_subUV.uasset" 295
"E:/Unreal Projects/TryoneTry/Content/MobileStarterContent/Particles/Materials/m_flare_01.uasset" 296
"../../../Engine/Content/Functions/Engine_MaterialFunctions01/Gradient/RadialGradient.uasset" 297
"E:/Unreal Projects/TryoneTry/Content/MobileStarterContent/Particles/Materials/M_radial_ramp.uasset" 298
"E:/Unreal Projects/TryoneTry/Content/MobileStarterContent/Textures/T_Smoke_SubUV.uasset" 299
"E:/Unreal Projects/TryoneTry/Content/MobileStarterContent/Textures/T_Smoke_Tiled_D.uasset" 300
"E:/Unreal Projects/TryoneTry/Content/MobileStarterContent/Particles/Materials/M_smoke_subUV.uasset" 301
"E:/Unreal Projects/TryoneTry/Content/MobileStarterContent/Particles/P_Explosion.uasset" 302
"E:/Unreal Projects/TryoneTry/Content/MobileStarterContent/Blueprints/Blueprint_Effect_Explosion.uasset" 303
"E:/Unreal Projects/TryoneTry/Content/MobileStarterContent/Textures/T_Bush_D.uasset" 304
"E:/Unreal Projects/TryoneTry/Content/MobileStarterContent/Textures/T_Bush_N.uasset" 305
"E:/Unreal Projects/TryoneTry/Content/MobileStarterContent/Props/Materials/M_Bush.uasset" 306
"E:/Unreal Projects/TryoneTry/Content/MobileStarterContent/Props/SM_Bush.uasset" 307
"E:/Unreal Projects/TryoneTry/Content/MobileStarterContent/Textures/T_Chair_M.uasset" 308
"E:/Unreal Projects/TryoneTry/Content/MobileStarterContent/Textures/T_Chair_N.uasset" 309
"E:/Unreal Projects/TryoneTry/Content/MobileStarterContent/Props/Materials/M_Chair.uasset" 310
"E:/Unreal Projects/TryoneTry/Content/MobileStarterContent/Props/SM_Couch.uasset" 311
"E:/Unreal Projects/TryoneTry/Content/MobileStarterContent/Materials/M_Glass.uasset" 312
"E:/Unreal Projects/TryoneTry/Content/MobileStarterContent/Textures/T_Door_M.uasset" 313
"E:/Unreal Projects/TryoneTry/Content/MobileStarterContent/Textures/T_Door_N.uasset" 314
"E:/Unreal Projects/TryoneTry/Content/MobileStarterContent/Props/Materials/M_Door.uasset" 315
"E:/Unreal Projects/TryoneTry/Content/MobileStarterContent/Props/SM_Door.uasset" 316
"E:/Unreal Projects/TryoneTry/Content/MobileStarterContent/Props/Materials/M_MaterialSphere.uasset" 317
"E:/Unreal Projects/TryoneTry/Content/MobileStarterContent/Props/Materials/M_MaterialSphere_Plain.uasset" 318
"E:/Unreal Projects/TryoneTry/Content/MobileStarterContent/Props/SM_MatPreviewMesh_02.uasset" 319
"E:/Unreal Projects/TryoneTry/Content/MobileStarterContent/Textures/T_Rock_Basalt_D.uasset" 320
"E:/Unreal Projects/TryoneTry/Content/MobileStarterContent/Textures/T_RockMesh_M.uasset" 321
"E:/Unreal Projects/TryoneTry/Content/MobileStarterContent/Textures/T_RockMesh_N.uasset" 322
"E:/Unreal Projects/TryoneTry/Content/MobileStarterContent/Props/Materials/M_Rock.uasset" 323
"E:/Unreal Projects/TryoneTry/Content/MobileStarterContent/Props/SM_Rock.uasset" 324
"E:/Unreal Projects/TryoneTry/Content/MobileStarterContent/Textures/T_Shelf_M.uasset" 325
"E:/Unreal Projects/TryoneTry/Content/MobileStarterContent/Textures/T_Shelf_N.uasset" 326
"E:/Unreal Projects/TryoneTry/Content/MobileStarterContent/Props/Materials/M_Shelf.uasset" 327
"E:/Unreal Projects/TryoneTry/Content/MobileStarterContent/Props/SM_Shelf.uasset" 328
"E:/Unreal Projects/TryoneTry/Content/MobileStarterContent/Props/SM_Stairs.uasset" 329
"E:/Unreal Projects/TryoneTry/Content/MobileStarterContent/Shapes/Shape_Cone.uasset" 330
"E:/Unreal Projects/TryoneTry/Content/MobileStarterContent/Shapes/Shape_Cylinder.uasset" 331
"E:/Unreal Projects/TryoneTry/Content/MobileStarterContent/Shapes/Shape_Pipe_180.uasset" 332
"E:/Unreal Projects/TryoneTry/Content/MobileStarterContent/Shapes/Shape_Pipe_90.uasset" 333
"E:/Unreal Projects/TryoneTry/Content/MobileStarterContent/Shapes/Shape_Plane.uasset" 334
"E:/Unreal Projects/TryoneTry/Content/MobileStarterContent/Shapes/Shape_Torus.uasset" 335
"E:/Unreal Projects/TryoneTry/Content/MobileStarterContent/Shapes/Shape_Trim.uasset" 336
"E:/Unreal Projects/TryoneTry/Content/MobileStarterContent/Shapes/Shape_Trim_90_In.uasset" 337
"E:/Unreal Projects/TryoneTry/Content/MobileStarterContent/Shapes/Shape_Trim_90_Out.uasset" 338
"E:/Unreal Projects/TryoneTry/Content/MobileStarterContent/Shapes/Shape_TriPyramid.uasset" 339
"E:/Unreal Projects/TryoneTry/Content/MobileStarterContent/Shapes/Shape_Tube.uasset" 340
"E:/Unreal Projects/TryoneTry/Content/MobileStarterContent/Shapes/Shape_Wedge_A.uasset" 341
"E:/Unreal Projects/TryoneTry/Content/MobileStarterContent/Shapes/Shape_Wedge_B.uasset" 342
"E:/Unreal Projects/TryoneTry/Content/MobileStarterContent/Shapes/Shape_WideCapsule.uasset" 343
"E:/Unreal Projects/TryoneTry/Content/MobileStarterContent/Textures/T_CobbleStone_Pebble_M.uasset" 344
"E:/Unreal Projects/TryoneTry/Content/MobileStarterContent/Textures/T_Concrete_Tiles_Variation_M.uasset" 345
"E:/Unreal Projects/TryoneTry/Content/MobileStarterContent/Textures/T_Detail_Rocky_N.uasset" 346
"E:/Unreal Projects/TryoneTry/Content/MobileStarterContent/Textures/T_Gradinet_01.uasset" 347
"E:/Unreal Projects/TryoneTry/Content/MobileStarterContent/Textures/T_Perlin_Noise_M.uasset" 348
"E:/Unreal Projects/TryoneTry/Content/MobileStarterContent/Textures/T_Rock_Smooth_Granite_D.uasset" 349
"E:/Unreal Projects/TryoneTry/Content/ThirdPersonCPP/Blueprints/JTY_GameInstance.uasset" 350
"E:/Unreal Projects/TryoneTry/Content/AnimStarterPack/Aim_Space_Ironsights.uasset" 351
"E:/Unreal Projects/TryoneTry/Content/AnimStarterPack/Aim_CC.uasset" 352
"E:/Unreal Projects/TryoneTry/Content/AnimStarterPack/Aim_D.uasset" 353
"E:/Unreal Projects/TryoneTry/Content/AnimStarterPack/Aim_L.uasset" 354
"E:/Unreal Projects/TryoneTry/Content/AnimStarterPack/Aim_LD.uasset" 355
"E:/Unreal Projects/TryoneTry/Content/AnimStarterPack/Aim_LU.uasset" 356
"E:/Unreal Projects/TryoneTry/Content/AnimStarterPack/Aim_R.uasset" 357
"E:/Unreal Projects/TryoneTry/Content/AnimStarterPack/Aim_RD.uasset" 358
"E:/Unreal Projects/TryoneTry/Content/AnimStarterPack/Aim_RU.uasset" 359
"E:/Unreal Projects/TryoneTry/Content/AnimStarterPack/Aim_U.uasset" 360
"E:/Unreal Projects/TryoneTry/Content/ThirdPersonCPP/Blueprints/AimOff.uasset" 361
"E:/Unreal Projects/TryoneTry/Content/Mannequin/Animations/ThirdPersonJump_End.uasset" 362
"E:/Unreal Projects/TryoneTry/Content/Mannequin/Animations/ThirdPersonJump_Loop.uasset" 363
"E:/Unreal Projects/TryoneTry/Content/Mannequin/Animations/ThirdPersonJump_Start.uasset" 364
"E:/Unreal Projects/TryoneTry/Content/AnimStarterPack/Idle_Rifle_Ironsights.uasset" 365
"E:/Unreal Projects/TryoneTry/Content/AnimStarterPack/Walk_Bwd_Rifle_Ironsights.uasset" 366
"E:/Unreal Projects/TryoneTry/Content/AnimStarterPack/Walk_Fwd_Rifle_Ironsights.uasset" 367
"E:/Unreal Projects/TryoneTry/Content/AnimStarterPack/Walk_Lt_Rifle_Ironsights.uasset" 368
"E:/Unreal Projects/TryoneTry/Content/AnimStarterPack/Walk_Rt_Rifle_Ironsights.uasset" 369
"E:/Unreal Projects/TryoneTry/Content/ThirdPersonCPP/Blueprints/RifleCombat.uasset" 370
"E:/Unreal Projects/TryoneTry/Content/AnimStarterPack/Aim_Space_Hip.uasset" 371
"E:/Unreal Projects/TryoneTry/Content/Mannequin/Animations/ThirdPersonIdle.uasset" 372
"E:/Unreal Projects/TryoneTry/Content/Mannequin/Animations/ThirdPersonRun.uasset" 373
"E:/Unreal Projects/TryoneTry/Content/Mannequin/Animations/ThirdPersonWalk.uasset" 374
"E:/Unreal Projects/TryoneTry/Content/ThirdPersonCPP/Blueprints/JTY_Walk_Run.uasset" 375
"../../../Engine/Content/EditorBlueprintResources/StandardMacros.uasset" 376
"E:/Unreal Projects/TryoneTry/Content/ThirdPersonCPP/Blueprints/JTY_AnimBP.uasset" 377
"E:/Unreal Projects/TryoneTry/Content/AnimStarterPack/Equip_Rifle_Standing.uasset" 378
"E:/Unreal Projects/TryoneTry/Content/AnimStarterPack/Equip_Rifle_Standing_Montage.uasset" 379
"../../../Engine/Content/EditorBlueprintResources/ActorMacros.uasset" 380
"E:/Unreal Projects/TryoneTry/Content/ThirdPersonCPP/Blueprints/Variables/Str_PlayerInfo.uasset" 381
"E:/Unreal Projects/TryoneTry/Content/ThirdPersonCPP/Blueprints/GameIn_Main.uasset" 382
"E:/Unreal Projects/TryoneTry/Content/ThirdPersonCPP/Blueprints/UI/UI_Loading.uasset" 383
"E:/Unreal Projects/TryoneTry/Content/ThirdPersonCPP/Blueprints/Lobby/PC_Lobby.uasset" 384
"E:/Unreal Projects/TryoneTry/Content/ThirdPersonCPP/Blueprints/Lobby/GM_Lobby.uasset" 385
"E:/Unreal Projects/TryoneTry/Content/ThirdPersonCPP/Blueprints/UI/UI_Com_PlayerList.uasset" 386
"E:/Unreal Projects/TryoneTry/Content/ThirdPersonCPP/Blueprints/UI/UI_Lobby.uasset" 387
"E:/Unreal Projects/TryoneTry/Content/ThirdPersonCPP/Blueprints/Lobby/JTY_Controller.uasset" 388
"E:/Unreal Projects/TryoneTry/Content/MobileStarterContent/Shapes/Shape_NarrowCapsule.uasset" 389
"E:/Unreal Projects/TryoneTry/Content/ThirdPersonCPP/Blueprints/Projectile_BP.uasset" 390
"E:/Unreal Projects/TryoneTry/Content/ThirdPersonCPP/WeaponBP/MaterWeaponBP.uasset" 391
"E:/Unreal Projects/TryoneTry/Content/FPS_Weapon_Bundle/Weapons/Textures/KA47/T_KA47_Gold_ALB.uasset" 392
"E:/Unreal Projects/TryoneTry/Content/FPS_Weapon_Bundle/Weapons/Textures/KA47/T_KA47_Gold_M_MSK.uasset" 393
"E:/Unreal Projects/TryoneTry/Content/FPS_Weapon_Bundle/Weapons/Materials/Ka47/M_KA47_Gold.uasset" 394
"E:/Unreal Projects/TryoneTry/Content/FPS_Weapon_Bundle/Weapons/Meshes/Ka47/SK_KA47_Physics.uasset" 395
"E:/Unreal Projects/TryoneTry/Content/FPS_Weapon_Bundle/Weapons/Meshes/Ka47/SK_KA47_Skeleton.uasset" 396
"E:/Unreal Projects/TryoneTry/Content/FPS_Weapon_Bundle/Weapons/Meshes/Ka47/SK_KA47.uasset" 397
"E:/Unreal Projects/TryoneTry/Content/ThirdPersonCPP/WeaponBP/AK47_Child.uasset" 398
"E:/Unreal Projects/TryoneTry/Content/FPS_Weapon_Bundle/Weapons/Textures/Patterns/T_Desert_Marpat_Pattern.uasset" 399
"E:/Unreal Projects/TryoneTry/Content/FPS_Weapon_Bundle/Weapons/Materials/AR4/M_AR4_Pattern.uasset" 400
"E:/Unreal Projects/TryoneTry/Content/FPS_Weapon_Bundle/Weapons/Meshes/AR4/SK_AR4_Physics.uasset" 401
"E:/Unreal Projects/TryoneTry/Content/FPS_Weapon_Bundle/Weapons/Meshes/AR4/SK_AR4_Skeleton.uasset" 402
"E:/Unreal Projects/TryoneTry/Content/FPS_Weapon_Bundle/Weapons/Meshes/AR4/SK_AR4.uasset" 403
"E:/Unreal Projects/TryoneTry/Content/ThirdPersonCPP/WeaponBP/Rifle_Child.uasset" 404
"E:/Unreal Projects/TryoneTry/Content/Mannequin/Character/Materials/MaterialLayers/T_ML_Rubber_Blue_01_D.uasset" 405
"E:/Unreal Projects/TryoneTry/Content/Mannequin/Character/Materials/MaterialLayers/T_ML_Rubber_Blue_01_N.uasset" 406
"E:/Unreal Projects/TryoneTry/Content/Mannequin/Character/Materials/MaterialLayers/ML_GlossyBlack_Latex_UE4.uasset" 407
"E:/Unreal Projects/TryoneTry/Content/Mannequin/Character/Materials/MaterialLayers/ML_Plastic_Shiny_Beige.uasset" 408
"E:/Unreal Projects/TryoneTry/Content/Mannequin/Character/Textures/UE4_LOGO_CARD.uasset" 409
"E:/Unreal Projects/TryoneTry/Content/Mannequin/Character/Materials/MaterialLayers/ML_Plastic_Shiny_Beige_LOGO.uasset" 410
"E:/Unreal Projects/TryoneTry/Content/Mannequin/Character/Materials/MaterialLayers/T_ML_Aluminum01.uasset" 411
"E:/Unreal Projects/TryoneTry/Content/Mannequin/Character/Materials/MaterialLayers/T_ML_Aluminum01_N.uasset" 412
"E:/Unreal Projects/TryoneTry/Content/Mannequin/Character/Materials/MaterialLayers/ML_SoftMetal_UE4.uasset" 413
"E:/Unreal Projects/TryoneTry/Content/Mannequin/Character/Textures/T_UE4_Mannequin_Mobile_M.uasset" 414
"E:/Unreal Projects/TryoneTry/Content/Mannequin/Character/Textures/T_UE4_Mannequin_Mobile_N.uasset" 415
"E:/Unreal Projects/TryoneTry/Content/Mannequin/Character/Materials/M_UE4Man_Body.uasset" 416
"E:/Unreal Projects/TryoneTry/Content/Mannequin/Character/Textures/UE4Man_Logo_N.uasset" 417
"E:/Unreal Projects/TryoneTry/Content/Mannequin/Character/Materials/M_UE4Man_ChestLogo.uasset" 418
"E:/Unreal Projects/TryoneTry/Content/Mannequin/Character/Mesh/SK_Mannequin.uasset" 419
"E:/Unreal Projects/TryoneTry/Content/ThirdPersonCPP/Blueprints/Score_BP_Copy.uasset" 420
"E:/Unreal Projects/TryoneTry/Content/ThirdPersonCPP/Blueprints/JTY_Character.uasset" 421
"E:/Unreal Projects/TryoneTry/Content/MobileStarterContent/Shapes/Shape_Pipe.uasset" 422
"E:/Unreal Projects/TryoneTry/Content/ThirdPersonCPP/Blueprints/Target_BP.uasset" 423
"E:/Unreal Projects/TryoneTry/Content/ThirdPersonCPP/Blueprints/NewBlueprint.uasset" 424
"E:/Unreal Projects/TryoneTry/Content/ThirdPersonCPP/Blueprints/Score_BP.uasset" 425
"E:/Unreal Projects/TryoneTry/Content/ThirdPersonCPP/Blueprints/StartGame_BP.uasset" 426
"E:/Unreal Projects/TryoneTry/Content/Mannequin/Animations/ThirdPerson_IdleRun_2D.uasset" 427
"E:/Unreal Projects/TryoneTry/Content/Mannequin/Animations/ThirdPerson_AnimBP.uasset" 428
"E:/Unreal Projects/TryoneTry/Content/ThirdPersonCPP/Blueprints/ThirdPersonCharacter.uasset" 429
"E:/Unreal Projects/TryoneTry/Content/ThirdPersonCPP/Blueprints/UI/UI_JTY_Interface.uasset" 430
"E:/Unreal Projects/TryoneTry/Content/ThirdPersonCPP/Blueprints/Variables/MJ_MultiType.uasset" 431
"../../../Engine/Content/Animation/DefaultAnimCurveCompressionSettings.uasset" 432
"../../../Engine/Content/Functions/Engine_MaterialFunctions01/Opacity/CameraDepthFade.uasset" 433
"../../../Engine/Content/EngineMaterials/T_Default_Material_Grid_M.uasset" 434
"../../../Engine/Content/EngineMaterials/T_Default_Material_Grid_N.uasset" 435
"../../../Engine/Content/EngineMaterials/WorldGridMaterial.uasset" 436
"../../../Engine/Content/ArtTools/RenderToTexture/Meshes/S_1_Unit_Plane.uasset" 437
"../../../Engine/Content/EngineMaterials/DefaultMaterial.uasset" 438
"../../../Engine/Content/BasicShapes/Cone.uasset" 439
"../../../Engine/Content/BasicShapes/Cube.uasset" 440
"../../../Engine/Content/BasicShapes/Cylinder.uasset" 441
"../../../Engine/Content/BasicShapes/Plane.uasset" 442
"../../../Engine/Content/BasicShapes/Sphere.uasset" 443
"../../../Engine/Content/EditorLandscapeResources/DataLayer.uasset" 444
"../../../Engine/Content/EditorMaterials/MAT_Groups_Toggle.uasset" 445
"../../../Engine/Content/EditorMaterials/MAT_Groups_Visibility.uasset" 446
"../../../Engine/Content/EditorMaterials/PreviewShadowIndicator.uasset" 447
"../../../Engine/Content/EditorMaterials/PreviewShadowIndicatorMaterial.uasset" 448
"../../../Engine/Content/EditorMaterials/MatineeGroups/MAT_ColorTrack.uasset" 449
"../../../Engine/Content/EditorMaterials/MatineeGroups/MAT_Groups_Anim.uasset" 450
"../../../Engine/Content/EditorMaterials/MatineeGroups/MAT_Groups_AudioMaster.uasset" 451
"../../../Engine/Content/EditorMaterials/MatineeGroups/MAT_Groups_Director.uasset" 452
"../../../Engine/Content/EditorMaterials/MatineeGroups/MAT_Groups_Event.uasset" 453
"../../../Engine/Content/EditorMaterials/MatineeGroups/MAT_Groups_Fade.uasset" 454
"../../../Engine/Content/EditorMaterials/MatineeGroups/MAT_Groups_Float.uasset" 455
"../../../Engine/Content/EditorMaterials/MatineeGroups/MAT_Groups_Move.uasset" 456
"../../../Engine/Content/EditorMaterials/MatineeGroups/MAT_Groups_Sound.uasset" 457
"../../../Engine/Content/EditorMaterials/MatineeGroups/MAT_Groups_Vector.uasset" 458
"../../../Engine/Content/EditorMaterials/ParticleSystems/PSysThumbnail_NoImage.uasset" 459
"../../../Engine/Content/EditorMaterials/ParticleSystems/PSysThumbnail_OOD.uasset" 460
"../../../Engine/Content/EditorMaterials/Camera/CineMat.uasset" 461
"../../../Engine/Content/EditorMaterials/Camera/MI_CineMat_Rig.uasset" 462
"../../../Engine/Content/EditorMeshes/Camera/SM_CraneRig_Arm.uasset" 463
"../../../Engine/Content/EditorMeshes/Camera/SM_CraneRig_Base.uasset" 464
"../../../Engine/Content/EditorMeshes/Camera/SM_CraneRig_Body.uasset" 465
"../../../Engine/Content/EditorMeshes/Camera/SM_CraneRig_Mount.uasset" 466
"../../../Engine/Content/EditorMeshes/Camera/SM_RailRig_Mount.uasset" 467
"../../../Engine/Content/EditorMeshes/Camera/SM_RailRig_Track.uasset" 468
"../../../Engine/Content/EditorResources/BSPVertex.uasset" 469
"../../../Engine/Content/EditorResources/EmptyActor.uasset" 470
"../../../Engine/Content/EditorResources/S_Actor.uasset" 471
"../../../Engine/Content/EditorResources/S_Note.uasset" 472
"../../../Engine/Content/EditorResources/S_Solver.uasset" 473
"../../../Engine/Content/EditorResources/S_Trigger.uasset" 474
"../../../Engine/Content/EditorResources/AudioIcons/S_AudioComponent.uasset" 475
"../../../Engine/Content/EditorResources/AudioIcons/S_AudioComponent_AutoActivate.uasset" 476
"../../../Engine/Content/EditorResources/LightIcons/S_LightError.uasset" 477
"../../../Engine/Content/EditorResources/SequenceRecorder/Countdown.uasset" 478
"../../../Engine/Content/EditorResources/SequenceRecorder/RecordingIndicator.uasset" 479
"../../../Engine/Content/EditorSounds/Notifications/CompileFailed.uasset" 480
"../../../Engine/Content/EditorSounds/Notifications/CompileFailed_Cue.uasset" 481
"../../../Engine/Content/EditorSounds/Notifications/CompileSuccess.uasset" 482
"../../../Engine/Content/EditorSounds/Notifications/CompileStart_Cue.uasset" 483
"../../../Engine/Content/EditorSounds/Notifications/CompileSuccess_Cue.uasset" 484
"../../../Engine/Content/EngineDamageTypes/DmgTypeBP_Environmental.uasset" 485
"../../../Engine/Content/EngineDebugMaterials/DebugEditorMaterial.uasset" 486
"../../../Engine/Content/EngineDebugMaterials/DebugMeshMaterial.uasset" 487
"../../../Engine/Content/EngineDebugMaterials/M_SimpleUnlitTranslucent.uasset" 488
"../../../Engine/Content/Functions/Engine_MaterialFunctions02/Utility/CameraDirectionVector.uasset" 489
"../../../Engine/Content/EngineDebugMaterials/VolumeToRender.uasset" 490
"../../../Engine/Content/EngineDebugMaterials/M_VolumeRenderSphereTracePP.uasset" 491
"../../../Engine/Content/EngineDebugMaterials/WireframeMaterial.uasset" 492
"../../../Engine/Content/EngineFonts/Faces/DroidSansFallback.uasset" 493
"../../../Engine/Content/EngineFonts/Faces/RobotoBold.uasset" 494
"../../../Engine/Content/EngineFonts/Faces/RobotoBoldItalic.uasset" 495
"../../../Engine/Content/EngineFonts/Faces/RobotoItalic.uasset" 496
"../../../Engine/Content/EngineFonts/Faces/RobotoLight.uasset" 497
"../../../Engine/Content/EngineFonts/Faces/RobotoRegular.uasset" 498
"../../../Engine/Content/EngineFonts/Roboto.uasset" 499
"../../../Engine/Content/EngineMaterials/BaseFlattenDiffuseMap.uasset" 500
"../../../Engine/Content/EngineMaterials/BaseFlattenEmissiveMap.uasset" 501
"../../../Engine/Content/EngineMaterials/BaseFlattenGrayscaleMap.uasset" 502
"../../../Engine/Content/EngineMaterials/BaseFlattenNormalMap.uasset" 503
"../../../Engine/Content/EngineMaterials/BaseFlattenMaterial.uasset" 504
"../../../Engine/Content/EngineMaterials/BlueNoise.uasset" 505
"../../../Engine/Content/EngineMaterials/DefaultBloomKernel.uasset" 506
"../../../Engine/Content/EngineMaterials/DefaultBokeh.uasset" 507
"../../../Engine/Content/EngineMaterials/DefaultDiffuse.uasset" 508
"../../../Engine/Content/EngineMaterials/DefaultDeferredDecalMaterial.uasset" 509
"../../../Engine/Content/EngineMaterials/DefaultLightFunctionMaterial.uasset" 510
"../../../Engine/Content/EngineMaterials/DefaultPhysicalMaterial.uasset" 511
"../../../Engine/Content/Functions/Engine_MaterialFunctions02/Utility/BreakOutFloat2Components.uasset" 512
"../../../Engine/Content/EngineMaterials/DefaultPostProcessMaterial.uasset" 513
"../../../Engine/Content/EngineFonts/RobotoDistanceField.uasset" 514
"../../../Engine/Content/EngineMaterials/DefaultTextMaterialOpaque.uasset" 515
"../../../Engine/Content/EngineMaterials/DefaultWhiteGrid.uasset" 516
"../../../Engine/Content/EngineMaterials/DefaultWhiteGrid_Low.uasset" 517
"../../../Engine/Content/EngineMaterials/EmissiveMeshMaterial.uasset" 518
"../../../Engine/Content/EngineMaterials/GizmoMaterial.uasset" 519
"../../../Engine/Content/EngineMaterials/Good64x64TilingNoiseHighFreq.uasset" 520
"../../../Engine/Content/EngineMaterials/MiniFont.uasset" 521
"../../../Engine/Content/EngineMaterials/InvalidLightmapSettings.uasset" 522
"../../../Engine/Content/EngineMaterials/M_InvalidLightmapSettings.uasset" 523
"../../../Engine/Content/Functions/Engine_MaterialFunctions02/WorldPositionOffset/CameraOffset.uasset" 524
"../../../Engine/Content/EngineMaterials/PhAT_JointLimitMaterial.uasset" 525
"../../../Engine/Content/EngineMaterials/PreintegratedSkinBRDF.uasset" 526
"../../../Engine/Content/EngineMaterials/RemoveSurfaceMaterial.uasset" 527
"../../../Engine/Content/EngineMaterials/WeightMapPlaceholderTexture.uasset" 528
"../../../Engine/Content/EngineResources/WhiteSquareTexture.uasset" 529
"../../../Engine/Content/EngineMaterials/Widget3DPassThrough.uasset" 530
"../../../Engine/Content/EngineMaterials/Widget3DPassThrough_Masked.uasset" 531
"../../../Engine/Content/EngineMaterials/Widget3DPassThrough_Opaque.uasset" 532
"../../../Engine/Content/EngineMaterials/Widget3DPassThrough_Masked_OneSided.uasset" 533
"../../../Engine/Content/EngineMaterials/Widget3DPassThrough_Opaque_OneSided.uasset" 534
"../../../Engine/Content/EngineMaterials/Widget3DPassThrough_Translucent.uasset" 535
"../../../Engine/Content/EngineMaterials/Widget3DPassThrough_Translucent_OneSided.uasset" 536
"../../../Engine/Content/EngineMeshes/Cylinder.uasset" 537
"../../../Engine/Content/EngineMeshes/Sphere.uasset" 538
"../../../Engine/Content/EngineResources/Black.uasset" 539
"../../../Engine/Content/EngineResources/DefaultTexture.uasset" 540
"../../../Engine/Content/EngineResources/DefaultTextureCube.uasset" 541
"../../../Engine/Content/EngineResources/DefaultVolumeTexture2D.uasset" 542
"../../../Engine/Content/EngineResources/DefaultVolumeTexture.uasset" 543
"../../../Engine/Content/EngineResources/GradientTexture0.uasset" 544
"../../../Engine/Content/EngineSounds/Master.uasset" 545
"../../../Engine/Content/Functions/Engine_MaterialFunctions01/Shading/ConvertFromDiffSpec.uasset" 546
"../../../Engine/Content/Functions/Engine_MaterialFunctions01/Shading/PowerToRoughness.uasset" 547
"../../../Engine/Content/Maps/Templates/Thumbnails/Default.uasset" 548
"../../../Engine/Content/Maps/Templates/Thumbnails/TimeOfDay.uasset" 549
"../../../Engine/Content/Maps/Templates/Thumbnails/VR-Basic.uasset" 550
"../../../Engine/Content/MobileResources/T_MobileControls_texture.uasset" 551
"../../../Engine/Content/MobileResources/T_MobileMenu2.uasset" 552
"../../../Engine/Content/EditorMaterials/Anchor.uasset" 553
"../../../Engine/Content/EditorMaterials/MatineeGroups/MAT_Groups_Slomo.uasset" 554
"../../../Engine/Content/MobileResources/HUD/AnalogHat.uasset" 555
"../../../Engine/Content/MobileResources/HUD/VirtualJoystick_Background.uasset" 556
"../../../Engine/Content/MobileResources/HUD/VirtualJoystick_Thumb.uasset" 557
"../../../Engine/Content/MobileResources/HUD/DefaultVirtualJoysticks.uasset" 558
"../../../Engine/Content/MobileResources/HUD/LeftVirtualJoystickOnly.uasset" 559
"../../../Engine/Content/MobileResources/HUD/MobileHUDButton1_off.uasset" 560
"../../../Engine/Content/MobileResources/HUD/MobileHUDButton1_on.uasset" 561
"../../../Engine/Content/MobileResources/HUD/MobileHUDButton2_off.uasset" 562
"../../../Engine/Content/MobileResources/HUD/MobileHUDButton2_on.uasset" 563
"../../../Engine/Content/MobileResources/HUD/MobileHUDButton3.uasset" 564
"../../../Engine/Content/MobileResources/HUD/MobileHUDButtonFire.uasset" 565
"../../../Engine/Content/MobileResources/HUD/MobileHUDDirectionPad.uasset" 566
"../../../Engine/Content/MobileResources/HUD/MobileHUDDirectionPad2.uasset" 567
"../../../Engine/Content/MobileResources/HUD/MobileHUDDirectionPad3.uasset" 568
"../../../Engine/Content/MobileResources/HUD/MobileHUDDirectionStick.uasset" 569
"../../../Engine/Content/MobileResources/HUD/T_Castle_ThumbstickInner.uasset" 570
"../../../Engine/Content/MobileResources/HUD/T_Castle_ThumbstickOutter.uasset" 571
"../../../Engine/Content/Tutorial/ContentIntroCurve.uasset" 572
"../../../Engine/Content/Tutorial/Basics/LevelEditorAttract.uasset" 573
"../../../Engine/Content/Tutorial/Basics/TutorialAssets/icon_tab_Levels_40x.uasset" 574
"../../../Engine/Content/Tutorial/Basics/LevelEditorOverview.uasset" 575
"../../../Engine/Content/VREditor/LaserPointer/VR_LaserPower_01.uasset" 576
"../../../Engine/Content/VREditor/TransformGizmo/TransformGizmoMaterial.uasset" 577
"../../../Engine/Content/VREditor/TransformGizmo/TranslucentTransformGizmoMaterial.uasset" 578
"../../../Engine/Content/VREditor/TransformGizmo/BoundingBoxCorner.uasset" 579
"../../../Engine/Content/VREditor/TransformGizmo/BoundingBoxEdge.uasset" 580
"../../../Engine/Content/VREditor/TransformGizmo/PlaneTranslationHandle.uasset" 581
"../../../Engine/Content/VREditor/TransformGizmo/Main.uasset" 582
"../../../Engine/Content/VREditor/TransformGizmo/Xray.uasset" 583
"../../../Engine/Content/VREditor/TransformGizmo/SM_Sequencer_Key.uasset" 584
"../../../Engine/Content/VREditor/TransformGizmo/SM_Sequencer_Node.uasset" 585
"../../Plugins/2D/Paper2D/Content/PlaceholderTextures/DummySpriteTexture.uasset" 586
"../../Plugins/2D/Paper2D/Content/DummySprite.uasset" 587
"../../Plugins/2D/Paper2D/Content/DefaultPaperTerrainMaterial.uasset" 588
"../../Plugins/2D/Paper2D/Content/DefaultSpriteMaterial.uasset" 589
"../../Plugins/2D/Paper2D/Content/MaskedUnlitSpriteMaterial.uasset" 590
"../../Plugins/2D/Paper2D/Content/OpaqueUnlitSpriteMaterial.uasset" 591
"../../Plugins/FX/Niagara/Content/Enums/ENiagaraBooleanLogicOps.uasset" 592
"../../Plugins/FX/Niagara/Content/Enums/ENiagaraCoordinateSpace.uasset" 593
"../../Plugins/FX/Niagara/Content/Enums/ENiagaraExpansionMode.uasset" 594
"../../Plugins/FX/Niagara/Content/Enums/ENiagaraOrientationAxis.uasset" 595
"../../Plugins/FX/Niagara/Content/Enums/ENiagaraRandomnessMode.uasset" 596
"../../../Engine/Content/Functions/Engine_MaterialFunctions02/Utility/BreakOutFloat4Components.uasset" 597
"../../../Engine/Content/Functions/Engine_MaterialFunctions02/Utility/MakeFloat2.uasset" 598
"../../../Engine/Content/Functions/Engine_MaterialFunctions02/Utility/MakeFloat3.uasset" 599
"../../Plugins/Runtime/Oculus/OculusVR/Content/Materials/OculusMR_ChromaKey.uasset" 600
"../../Plugins/Runtime/Oculus/OculusVR/Content/Materials/OculusMR_ChromaKey_Lit.uasset" 601
"../../Plugins/Runtime/Oculus/OculusVR/Content/Materials/OculusMR_OpaqueColoredMaterial.uasset" 602
"../../Plugins/Runtime/Oculus/OculusVR/Content/Materials/OculusMR_WhiteMaterial.uasset" 603
"E:/Unreal Projects/TryoneTry/Content/AnimStarterPack/Crouch_Idle_Rifle_Hip.uasset" 604
"E:/Unreal Projects/TryoneTry/Content/AnimStarterPack/Crouch_Idle_Rifle_Ironsights.uasset" 605
"E:/Unreal Projects/TryoneTry/Content/AnimStarterPack/Crouch_Walk_Fwd_Rifle_Ironsights.uasset" 606
"E:/Unreal Projects/TryoneTry/Content/AnimStarterPack/Equip_Pistol_Standing.uasset" 607
"E:/Unreal Projects/TryoneTry/Content/AnimStarterPack/Fire_Rifle_Ironsights.uasset" 608
"E:/Unreal Projects/TryoneTry/Content/AnimStarterPack/Hit_React_1.uasset" 609
"E:/Unreal Projects/TryoneTry/Content/AnimStarterPack/Hit_React_2.uasset" 610
"E:/Unreal Projects/TryoneTry/Content/AnimStarterPack/Hit_React_3.uasset" 611
"E:/Unreal Projects/TryoneTry/Content/AnimStarterPack/Idle_Rifle_Hip_Break1.uasset" 612
"E:/Unreal Projects/TryoneTry/Content/AnimStarterPack/Idle_Rifle_Hip_Break2.uasset" 613
"E:/Unreal Projects/TryoneTry/Content/AnimStarterPack/Reload_Rifle_Hip.uasset" 614
"../../../Engine/Content/EngineSky/C_Sky_Cloud_Color.uasset" 615
"../../../Engine/Content/EngineSky/C_Sky_Horizon_Color.uasset" 616
"../../../Engine/Content/EngineSky/C_Sky_Zenith_Color.uasset" 617
"../../../Engine/Content/EngineSky/T_Sky_Blue.uasset" 618
"../../../Engine/Content/EngineSky/T_Sky_Clouds_M.uasset" 619
"../../../Engine/Content/EngineSky/T_Sky_Stars.uasset" 620
"../../../Engine/Content/EngineSky/M_Sky_Panning_Clouds2.uasset" 621
"../../../Engine/Content/EngineSky/SM_SkySphere.uasset" 622
"../../../Engine/Content/EngineSky/BP_Sky_Sphere.uasset" 623
"../../../Engine/Content/TemplateResources/M_Template_Master.uasset" 624
"../../../Engine/Content/TemplateResources/MI_Template_BaseGray_03_Metal.uasset" 625
"E:/Unreal Projects/TryoneTry/Content/AnimStarterPack/Showcase.umap" 626
"E:/Unreal Projects/TryoneTry/Content/MobileStarterContent/Maps/Minimal_Default_BuiltData.uasset" 627
"E:/Unreal Projects/TryoneTry/Content/MobileStarterContent/Materials/M_Basic_Floor.uasset" 628
"E:/Unreal Projects/TryoneTry/Content/MobileStarterContent/Architecture/Floor_400x400.uasset" 629
"E:/Unreal Projects/TryoneTry/Content/MobileStarterContent/Props/SM_Chair.uasset" 630
"E:/Unreal Projects/TryoneTry/Content/MobileStarterContent/Textures/T_Statue_M.uasset" 631
"E:/Unreal Projects/TryoneTry/Content/MobileStarterContent/Textures/T_Statue_N.uasset" 632
"E:/Unreal Projects/TryoneTry/Content/MobileStarterContent/Props/Materials/M_Statue.uasset" 633
"E:/Unreal Projects/TryoneTry/Content/MobileStarterContent/Props/Materials/M_StatueGlass.uasset" 634
"E:/Unreal Projects/TryoneTry/Content/MobileStarterContent/Props/SM_Statue.uasset" 635
"E:/Unreal Projects/TryoneTry/Content/MobileStarterContent/Textures/T_TableRound_M.uasset" 636
"E:/Unreal Projects/TryoneTry/Content/MobileStarterContent/Textures/T_TableRound_N.uasset" 637
"E:/Unreal Projects/TryoneTry/Content/MobileStarterContent/Props/Materials/M_TableRound.uasset" 638
"E:/Unreal Projects/TryoneTry/Content/MobileStarterContent/Props/SM_TableRound.uasset" 639
"E:/Unreal Projects/TryoneTry/Content/MobileStarterContent/Maps/Minimal_Default.umap" 640
"E:/Unreal Projects/TryoneTry/Content/MobileStarterContent/Audio/Fire01.uasset" 641
"E:/Unreal Projects/TryoneTry/Content/MobileStarterContent/Audio/Fire01_Cue.uasset" 642
"E:/Unreal Projects/TryoneTry/Content/MobileStarterContent/Textures/T_Fire_SubUV.uasset" 643
"E:/Unreal Projects/TryoneTry/Content/MobileStarterContent/Textures/T_Fire_Tiled_D.uasset" 644
"E:/Unreal Projects/TryoneTry/Content/MobileStarterContent/Particles/Materials/M_Fire_SubUV.uasset" 645
"E:/Unreal Projects/TryoneTry/Content/MobileStarterContent/Particles/Materials/M_Radial_Gradient.uasset" 646
"E:/Unreal Projects/TryoneTry/Content/MobileStarterContent/Particles/P_Fire.uasset" 647
"E:/Unreal Projects/TryoneTry/Content/MobileStarterContent/Blueprints/Blueprint_Effect_Fire.uasset" 648
"E:/Unreal Projects/TryoneTry/Content/MobileStarterContent/Audio/Smoke01.uasset" 649
"E:/Unreal Projects/TryoneTry/Content/MobileStarterContent/Audio/Smoke01_Cue.uasset" 650
"E:/Unreal Projects/TryoneTry/Content/MobileStarterContent/Particles/P_Smoke.uasset" 651
"E:/Unreal Projects/TryoneTry/Content/MobileStarterContent/Blueprints/Blueprint_Effect_Smoke.uasset" 652
"E:/Unreal Projects/TryoneTry/Content/MobileStarterContent/Audio/Fire_Sparks01.uasset" 653
"E:/Unreal Projects/TryoneTry/Content/MobileStarterContent/Audio/Fire_Sparks01_Cue.uasset" 654
"E:/Unreal Projects/TryoneTry/Content/MobileStarterContent/Textures/T_Spark_Core.uasset" 655
"E:/Unreal Projects/TryoneTry/Content/MobileStarterContent/Particles/Materials/M_Spark.uasset" 656
"E:/Unreal Projects/TryoneTry/Content/MobileStarterContent/Particles/P_Sparks.uasset" 657
"E:/Unreal Projects/TryoneTry/Content/MobileStarterContent/Blueprints/Blueprint_Effect_Sparks.uasset" 658
"E:/Unreal Projects/TryoneTry/Content/MobileStarterContent/Textures/T_Lamp_M.uasset" 659
"E:/Unreal Projects/TryoneTry/Content/MobileStarterContent/Textures/T_Lamp_N.uasset" 660
"E:/Unreal Projects/TryoneTry/Content/MobileStarterContent/Props/Materials/M_Lamp.uasset" 661
"E:/Unreal Projects/TryoneTry/Content/MobileStarterContent/Props/SM_Lamp_Ceiling.uasset" 662
"E:/Unreal Projects/TryoneTry/Content/MobileStarterContent/Blueprints/Blueprint_CeilingLight.uasset" 663
"E:/Unreal Projects/TryoneTry/Content/MobileStarterContent/Props/SM_Lamp_Wall.uasset" 664
"E:/Unreal Projects/TryoneTry/Content/MobileStarterContent/Blueprints/Blueprint_WallSconce.uasset" 665
"E:/Unreal Projects/TryoneTry/Content/MobileStarterContent/Maps/StarterMap_BuiltData.uasset" 666
"E:/Unreal Projects/TryoneTry/Content/MobileStarterContent/Textures/T_Brick_Clay_Beveled_D.uasset" 667
"E:/Unreal Projects/TryoneTry/Content/MobileStarterContent/Textures/T_Brick_Clay_Beveled_M.uasset" 668
"E:/Unreal Projects/TryoneTry/Content/MobileStarterContent/Textures/T_Brick_Clay_Beveled_N.uasset" 669
"E:/Unreal Projects/TryoneTry/Content/MobileStarterContent/Materials/M_Brick_Clay_Beveled.uasset" 670
"E:/Unreal Projects/TryoneTry/Content/MobileStarterContent/Textures/T_Brick_Clay_New_D.uasset" 671
"E:/Unreal Projects/TryoneTry/Content/MobileStarterContent/Textures/T_Brick_Clay_New_M.uasset" 672
"E:/Unreal Projects/TryoneTry/Content/MobileStarterContent/Textures/T_Brick_Clay_New_N.uasset" 673
"E:/Unreal Projects/TryoneTry/Content/MobileStarterContent/Materials/M_Brick_Clay_New.uasset" 674
"E:/Unreal Projects/TryoneTry/Content/MobileStarterContent/Textures/T_Brick_Clay_Old_D.uasset" 675
"E:/Unreal Projects/TryoneTry/Content/MobileStarterContent/Textures/T_Brick_Clay_Old_N.uasset" 676
"E:/Unreal Projects/TryoneTry/Content/MobileStarterContent/Materials/M_Brick_Clay_Old.uasset" 677
"E:/Unreal Projects/TryoneTry/Content/MobileStarterContent/Textures/T_Brick_Cut_Stone_D.uasset" 678
"E:/Unreal Projects/TryoneTry/Content/MobileStarterContent/Textures/T_Brick_Cut_Stone_N.uasset" 679
"E:/Unreal Projects/TryoneTry/Content/MobileStarterContent/Materials/M_Brick_Cut_Stone.uasset" 680
"E:/Unreal Projects/TryoneTry/Content/MobileStarterContent/Textures/T_Brick_Hewn_Stone_D.uasset" 681
"E:/Unreal Projects/TryoneTry/Content/MobileStarterContent/Textures/T_Brick_Hewn_Stone_M.uasset" 682
"E:/Unreal Projects/TryoneTry/Content/MobileStarterContent/Textures/T_Brick_Hewn_Stone_N.uasset" 683
"E:/Unreal Projects/TryoneTry/Content/MobileStarterContent/Materials/M_Brick_Hewn_Stone.uasset" 684
"E:/Unreal Projects/TryoneTry/Content/MobileStarterContent/Textures/T_Ceramic_Tile_M.uasset" 685
"E:/Unreal Projects/TryoneTry/Content/MobileStarterContent/Textures/T_Ceramic_Tile_N.uasset" 686
"E:/Unreal Projects/TryoneTry/Content/MobileStarterContent/Textures/T_Rock_Marble_Polished_D.uasset" 687
"E:/Unreal Projects/TryoneTry/Content/MobileStarterContent/Materials/M_Ceramic_Tile_Checker.uasset" 688
"E:/Unreal Projects/TryoneTry/Content/MobileStarterContent/Textures/T_CobbleStone_Pebble_D.uasset" 689
"E:/Unreal Projects/TryoneTry/Content/MobileStarterContent/Textures/T_CobbleStone_Pebble_N.uasset" 690
"E:/Unreal Projects/TryoneTry/Content/MobileStarterContent/Materials/M_CobbleStone_Pebble.uasset" 691
"E:/Unreal Projects/TryoneTry/Content/MobileStarterContent/Textures/T_CobbleStone_Rough_D.uasset" 692
"E:/Unreal Projects/TryoneTry/Content/MobileStarterContent/Textures/T_CobbleStone_Rough_N.uasset" 693
"E:/Unreal Projects/TryoneTry/Content/MobileStarterContent/Materials/M_CobbleStone_Rough.uasset" 694
"E:/Unreal Projects/TryoneTry/Content/MobileStarterContent/Textures/T_CobbleStone_Smooth_D.uasset" 695
"E:/Unreal Projects/TryoneTry/Content/MobileStarterContent/Textures/T_CobbleStone_Smooth_M.uasset" 696
"E:/Unreal Projects/TryoneTry/Content/MobileStarterContent/Textures/T_CobbleStone_Smooth_N.uasset" 697
"E:/Unreal Projects/TryoneTry/Content/MobileStarterContent/Materials/M_CobbleStone_Smooth.uasset" 698
"E:/Unreal Projects/TryoneTry/Content/MobileStarterContent/Textures/T_Concrete_Grime_D.uasset" 699
"E:/Unreal Projects/TryoneTry/Content/MobileStarterContent/Textures/T_Metal_Rust_N.uasset" 700
"E:/Unreal Projects/TryoneTry/Content/MobileStarterContent/Materials/M_Concrete_Grime.uasset" 701
"E:/Unreal Projects/TryoneTry/Content/MobileStarterContent/Textures/T_Concrete_Panels_D.uasset" 702
"E:/Unreal Projects/TryoneTry/Content/MobileStarterContent/Textures/T_Concrete_Panels_N.uasset" 703
"E:/Unreal Projects/TryoneTry/Content/MobileStarterContent/Materials/M_Concrete_Panels.uasset" 704
"E:/Unreal Projects/TryoneTry/Content/MobileStarterContent/Textures/T_Concrete_Poured_D.uasset" 705
"E:/Unreal Projects/TryoneTry/Content/MobileStarterContent/Textures/T_Concrete_Poured_N.uasset" 706
"E:/Unreal Projects/TryoneTry/Content/MobileStarterContent/Materials/M_Concrete_Poured.uasset" 707
"E:/Unreal Projects/TryoneTry/Content/MobileStarterContent/Textures/T_Concrete_Tiles_D.uasset" 708
"E:/Unreal Projects/TryoneTry/Content/MobileStarterContent/Textures/T_Concrete_Tiles_M.uasset" 709
"E:/Unreal Projects/TryoneTry/Content/MobileStarterContent/Textures/T_Concrete_Tiles_N.uasset" 710
"E:/Unreal Projects/TryoneTry/Content/MobileStarterContent/Materials/M_Concrete_Tiles.uasset" 711
"E:/Unreal Projects/TryoneTry/Content/MobileStarterContent/Textures/T_Ground_Grass_D.uasset" 712
"E:/Unreal Projects/TryoneTry/Content/MobileStarterContent/Textures/T_Ground_Grass_N.uasset" 713
"E:/Unreal Projects/TryoneTry/Content/MobileStarterContent/Materials/M_Ground_Grass.uasset" 714
"E:/Unreal Projects/TryoneTry/Content/MobileStarterContent/Textures/T_Ground_Gravel_D.uasset" 715
"E:/Unreal Projects/TryoneTry/Content/MobileStarterContent/Textures/T_Ground_Gravel_N.uasset" 716
"E:/Unreal Projects/TryoneTry/Content/MobileStarterContent/Materials/M_Ground_Gravel.uasset" 717
"E:/Unreal Projects/TryoneTry/Content/MobileStarterContent/Textures/T_ground_Moss_D.uasset" 718
"E:/Unreal Projects/TryoneTry/Content/MobileStarterContent/Textures/T_Ground_Moss_N.uasset" 719
"E:/Unreal Projects/TryoneTry/Content/MobileStarterContent/Materials/M_Ground_Moss.uasset" 720
"E:/Unreal Projects/TryoneTry/Content/MobileStarterContent/Textures/T_MacroVariation.uasset" 721
"E:/Unreal Projects/TryoneTry/Content/MobileStarterContent/Materials/M_Metal_Brushed_Nickel.uasset" 722
"E:/Unreal Projects/TryoneTry/Content/MobileStarterContent/Textures/T_Metal_Aluminum_D.uasset" 723
"E:/Unreal Projects/TryoneTry/Content/MobileStarterContent/Textures/T_Metal_Gold_N.uasset" 724
"E:/Unreal Projects/TryoneTry/Content/MobileStarterContent/Materials/M_Metal_Burnished_Steel.uasset" 725
"E:/Unreal Projects/TryoneTry/Content/MobileStarterContent/Materials/M_Metal_Chrome.uasset" 726
"E:/Unreal Projects/TryoneTry/Content/MobileStarterContent/Textures/T_Metal_Copper_D.uasset" 727
"E:/Unreal Projects/TryoneTry/Content/MobileStarterContent/Materials/M_Metal_Copper.uasset" 728
"E:/Unreal Projects/TryoneTry/Content/MobileStarterContent/Textures/T_Metal_Gold_D.uasset" 729
"E:/Unreal Projects/TryoneTry/Content/MobileStarterContent/Materials/M_Metal_Gold.uasset" 730
"E:/Unreal Projects/TryoneTry/Content/MobileStarterContent/Textures/T_Metal_Rust_D.uasset" 731
"E:/Unreal Projects/TryoneTry/Content/MobileStarterContent/Materials/M_Metal_Rust.uasset" 732
"E:/Unreal Projects/TryoneTry/Content/MobileStarterContent/Textures/T_Metal_Steel_D.uasset" 733
"E:/Unreal Projects/TryoneTry/Content/MobileStarterContent/Textures/T_Metal_Steel_N.uasset" 734
"E:/Unreal Projects/TryoneTry/Content/MobileStarterContent/Materials/M_Metal_Steel.uasset" 735
"E:/Unreal Projects/TryoneTry/Content/MobileStarterContent/Textures/T_Rock_Basalt_N.uasset" 736
"E:/Unreal Projects/TryoneTry/Content/MobileStarterContent/Materials/M_Rock_Basalt.uasset" 737
"E:/Unreal Projects/TryoneTry/Content/MobileStarterContent/Materials/M_Rock_Marble_Polished.uasset" 738
"E:/Unreal Projects/TryoneTry/Content/MobileStarterContent/Textures/T_Rock_Sandstone_D.uasset" 739
"E:/Unreal Projects/TryoneTry/Content/MobileStarterContent/Textures/T_Rock_Sandstone_N.uasset" 740
"E:/Unreal Projects/TryoneTry/Content/MobileStarterContent/Materials/M_Rock_Sandstone.uasset" 741
"E:/Unreal Projects/TryoneTry/Content/MobileStarterContent/Textures/T_Rock_Slate_D.uasset" 742
"E:/Unreal Projects/TryoneTry/Content/MobileStarterContent/Textures/T_Rock_Slate_N.uasset" 743
"E:/Unreal Projects/TryoneTry/Content/MobileStarterContent/Materials/M_Rock_Slate.uasset" 744
"E:/Unreal Projects/TryoneTry/Content/MobileStarterContent/Textures/T_Checker_Noise_M.uasset" 745
"E:/Unreal Projects/TryoneTry/Content/MobileStarterContent/Textures/T_Single_Tile_N.uasset" 746
"E:/Unreal Projects/TryoneTry/Content/MobileStarterContent/Textures/T_Tech_Dot_M.uasset" 747
"E:/Unreal Projects/TryoneTry/Content/MobileStarterContent/Textures/T_Tech_Dot_N.uasset" 748
"E:/Unreal Projects/TryoneTry/Content/MobileStarterContent/Materials/M_Tech_Checker_Dot.uasset" 749
"E:/Unreal Projects/TryoneTry/Content/MobileStarterContent/Textures/T_Tech_Hex_Tile_M.uasset" 750
"E:/Unreal Projects/TryoneTry/Content/MobileStarterContent/Textures/T_Tech_Hex_Tile_N.uasset" 751
"E:/Unreal Projects/TryoneTry/Content/MobileStarterContent/Materials/M_Tech_Hex_Tile.uasset" 752
"E:/Unreal Projects/TryoneTry/Content/MobileStarterContent/Materials/M_Tech_Hex_Tile_Pulse.uasset" 753
"E:/Unreal Projects/TryoneTry/Content/MobileStarterContent/Textures/T_Tech_Panel_M.uasset" 754
"E:/Unreal Projects/TryoneTry/Content/MobileStarterContent/Textures/T_Tech_Panel_N.uasset" 755
"E:/Unreal Projects/TryoneTry/Content/MobileStarterContent/Materials/M_Tech_Panel.uasset" 756
"E:/Unreal Projects/TryoneTry/Content/MobileStarterContent/Textures/T_Water_N.uasset" 757
"E:/Unreal Projects/TryoneTry/Content/MobileStarterContent/Materials/M_Water_Lake.uasset" 758
"E:/Unreal Projects/TryoneTry/Content/MobileStarterContent/Textures/T_Water_M.uasset" 759
"E:/Unreal Projects/TryoneTry/Content/MobileStarterContent/Materials/M_Water_Ocean.uasset" 760
"E:/Unreal Projects/TryoneTry/Content/MobileStarterContent/Textures/T_Wood_Floor_Walnut_D.uasset" 761
"E:/Unreal Projects/TryoneTry/Content/MobileStarterContent/Textures/T_Wood_Floor_Walnut_M.uasset" 762
"E:/Unreal Projects/TryoneTry/Content/MobileStarterContent/Textures/T_Wood_Floor_Walnut_N.uasset" 763
"E:/Unreal Projects/TryoneTry/Content/MobileStarterContent/Materials/M_Wood_Floor_Walnut_Polished.uasset" 764
"E:/Unreal Projects/TryoneTry/Content/MobileStarterContent/Materials/M_Wood_Floor_Walnut_Worn.uasset" 765
"E:/Unreal Projects/TryoneTry/Content/MobileStarterContent/Textures/T_Wood_Oak_D.uasset" 766
"E:/Unreal Projects/TryoneTry/Content/MobileStarterContent/Textures/T_Wood_Oak_N.uasset" 767
"E:/Unreal Projects/TryoneTry/Content/MobileStarterContent/Materials/M_Wood_Oak.uasset" 768
"E:/Unreal Projects/TryoneTry/Content/MobileStarterContent/Textures/T_Wood_Pine_D.uasset" 769
"E:/Unreal Projects/TryoneTry/Content/MobileStarterContent/Textures/T_Wood_Pine_N.uasset" 770
"E:/Unreal Projects/TryoneTry/Content/MobileStarterContent/Materials/M_Wood_Pine.uasset" 771
"E:/Unreal Projects/TryoneTry/Content/MobileStarterContent/Textures/T_Wood_Walnut_D.uasset" 772
"E:/Unreal Projects/TryoneTry/Content/MobileStarterContent/Textures/T_Wood_Walnut_N.uasset" 773
"E:/Unreal Projects/TryoneTry/Content/MobileStarterContent/Materials/M_Wood_Walnut.uasset" 774
"E:/Unreal Projects/TryoneTry/Content/MobileStarterContent/Architecture/Wall_400x200.uasset" 775
"E:/Unreal Projects/TryoneTry/Content/MobileStarterContent/Architecture/Wall_Door_400x300.uasset" 776
"E:/Unreal Projects/TryoneTry/Content/MobileStarterContent/Architecture/Wall_Window_400x300.uasset" 777
"E:/Unreal Projects/TryoneTry/Content/MobileStarterContent/Audio/Collapse01.uasset" 778
"E:/Unreal Projects/TryoneTry/Content/MobileStarterContent/Audio/Collapse02.uasset" 779
"E:/Unreal Projects/TryoneTry/Content/MobileStarterContent/Audio/Collapse_Cue.uasset" 780
"E:/Unreal Projects/TryoneTry/Content/MobileStarterContent/Audio/Starter_Birds01.uasset" 781
"E:/Unreal Projects/TryoneTry/Content/MobileStarterContent/Audio/Starter_Wind05.uasset" 782
"E:/Unreal Projects/TryoneTry/Content/MobileStarterContent/Audio/Starter_Wind06.uasset" 783
"E:/Unreal Projects/TryoneTry/Content/MobileStarterContent/Audio/Starter_Background_Cue.uasset" 784
"E:/Unreal Projects/TryoneTry/Content/MobileStarterContent/Audio/Starter_Music01.uasset" 785
"E:/Unreal Projects/TryoneTry/Content/MobileStarterContent/Audio/Starter_Music_Cue.uasset" 786
"E:/Unreal Projects/TryoneTry/Content/MobileStarterContent/Textures/T_Dust_Particle_D.uasset" 787
"E:/Unreal Projects/TryoneTry/Content/MobileStarterContent/Particles/Materials/M_Dust_Particle.uasset" 788
"E:/Unreal Projects/TryoneTry/Content/MobileStarterContent/Particles/P_Ambient_Dust.uasset" 789
"E:/Unreal Projects/TryoneTry/Content/MobileStarterContent/Props/MaterialSphere.uasset" 790
"E:/Unreal Projects/TryoneTry/Content/MobileStarterContent/Textures/T_Frame_M.uasset" 791
"E:/Unreal Projects/TryoneTry/Content/MobileStarterContent/Textures/T_Frame_N.uasset" 792
"E:/Unreal Projects/TryoneTry/Content/MobileStarterContent/Props/Materials/M_Frame.uasset" 793
"E:/Unreal Projects/TryoneTry/Content/MobileStarterContent/Props/SM_CornerFrame.uasset" 794
"E:/Unreal Projects/TryoneTry/Content/MobileStarterContent/Props/SM_DoorFrame.uasset" 795
"E:/Unreal Projects/TryoneTry/Content/MobileStarterContent/Props/SM_GlassWindow.uasset" 796
"E:/Unreal Projects/TryoneTry/Content/MobileStarterContent/Props/SM_PillarFrame.uasset" 797
"E:/Unreal Projects/TryoneTry/Content/MobileStarterContent/Props/SM_PillarFrame300.uasset" 798
"E:/Unreal Projects/TryoneTry/Content/MobileStarterContent/Props/SM_WindowFrame.uasset" 799
"E:/Unreal Projects/TryoneTry/Content/MobileStarterContent/Shapes/Shape_Cube.uasset" 800
"E:/Unreal Projects/TryoneTry/Content/MobileStarterContent/Shapes/Shape_QuadPyramid.uasset" 801
"E:/Unreal Projects/TryoneTry/Content/MobileStarterContent/Shapes/Shape_Sphere.uasset" 802
"E:/Unreal Projects/TryoneTry/Content/MobileStarterContent/Maps/StarterMap.umap" 803
"../../../Engine/Content/MapTemplates/SM_Template_Map_Floor.uasset" 804
"E:/Unreal Projects/TryoneTry/Content/ThirdPersonCPP/Maps/MAP_Lobby.umap" 805
"E:/Unreal Projects/TryoneTry/Content/ThirdPersonCPP/Blueprints/Start/GM_Start.uasset" 806
"E:/Unreal Projects/TryoneTry/Content/ThirdPersonCPP/Blueprints/UI/UI_CreateRoom.uasset" 807
"E:/Unreal Projects/TryoneTry/Content/ThirdPersonCPP/Blueprints/UI/UI_Com_Room.uasset" 808
"E:/Unreal Projects/TryoneTry/Content/ThirdPersonCPP/Blueprints/UI/UI_JoinRoom.uasset" 809
"E:/Unreal Projects/TryoneTry/Content/ThirdPersonCPP/Blueprints/UI/UI_Start.uasset" 810
"E:/Unreal Projects/TryoneTry/Content/ThirdPersonCPP/Maps/MAP_Start.umap" 811
"E:/Unreal Projects/TryoneTry/Content/ThirdPersonCPP/Blueprints/Variables/s_SaveGame.uasset" 812
"E:/Unreal Projects/TryoneTry/Content/ThirdPersonCPP/Blueprints/sAVEgAME_bp.uasset" 813
"E:/Unreal Projects/TryoneTry/Content/ThirdPersonCPP/Blueprints/UI/UI_RankItem.uasset" 814
"E:/Unreal Projects/TryoneTry/Content/ThirdPersonCPP/Blueprints/UI/UI_RankList.uasset" 815
"E:/Unreal Projects/TryoneTry/Content/ThirdPersonCPP/Blueprints/UI/UI_Menu.uasset" 816
"E:/Unreal Projects/TryoneTry/Content/ThirdPersonCPP/Blueprints/UI/UI_SavePut.uasset" 817
"E:/Unreal Projects/TryoneTry/Content/ThirdPersonCPP/Blueprints/Damage_BP.uasset" 818
"E:/Unreal Projects/TryoneTry/Content/ThirdPersonCPP/Blueprints/JTY_GameMode.uasset" 819
"E:/Unreal Projects/TryoneTry/Content/ThirdPersonCPP/Maps/ThirdPersonExampleMap_BuiltData.uasset" 820
"E:/Unreal Projects/TryoneTry/Content/Geometry/Meshes/CubeMaterial.uasset" 821
"E:/Unreal Projects/TryoneTry/Content/Geometry/Meshes/1M_Cube.uasset" 822
"E:/Unreal Projects/TryoneTry/Content/Geometry/Meshes/1M_Cube_Chamfer.uasset" 823
"E:/Unreal Projects/TryoneTry/Content/Geometry/Meshes/TemplateFloor.uasset" 824
"E:/Unreal Projects/TryoneTry/Content/ThirdPerson/Meshes/RampMaterial.uasset" 825
"E:/Unreal Projects/TryoneTry/Content/ThirdPerson/Meshes/Bump_StaticMesh.uasset" 826
"E:/Unreal Projects/TryoneTry/Content/ThirdPerson/Meshes/LeftArm_StaticMesh.uasset" 827
"E:/Unreal Projects/TryoneTry/Content/ThirdPerson/Meshes/Linear_Stair_StaticMesh.uasset" 828
"E:/Unreal Projects/TryoneTry/Content/ThirdPerson/Meshes/Ramp_StaticMesh.uasset" 829
"E:/Unreal Projects/TryoneTry/Content/ThirdPerson/Meshes/RightArm_StaticMesh.uasset" 830
"E:/Unreal Projects/TryoneTry/Content/ThirdPersonCPP/Blueprints/UI/UI_BloodBar.uasset" 831
"E:/Unreal Projects/TryoneTry/Content/ThirdPersonCPP/Maps/ThirdPersonExampleMap.umap" 832
"../../../Engine/Content/Maps/Entry_BuiltData.uasset" 833
"../../../Engine/Content/Maps/Entry.umap" 834
